<?xml version="1.0" encoding="utf-8"?><testsuites name="pytest tests"><testsuite name="pytest" errors="0" failures="0" skipped="0" tests="8" time="8.262" timestamp="2026-09-06T03:30:50.387092+00:00" hostname="agent-env-2b6473bc-e08a-49fb-9b37-8dd7d5df58e5"><testcase classname="tests.test_admin_affiliates_v22.TestAdminAffiliatesGet" name="test_requires_auth" time="0.190" /><testcase classname="tests.test_admin_affiliates_v22.TestAdminAffiliateTier" name="test_requires_auth" time="1.924" /><testcase classname="tests.test_admin_affiliates_v22.TestAdminAffiliatesGet" name="test_forbids_normal_customer" time="0.552" /><testcase classname="tests.test_admin_affiliates_v22.TestAdminAffiliatesGet" name="test_admin_ok_and_shape" time="1.530" /><testcase classname="tests.test_admin_affiliates_v22.TestAdminAffiliateTier" name="test_forbids_normal_customer" time="1.596" /><testcase classname="tests.test_admin_affiliates_v22.TestAdminAffiliatesGet" name="test_sorted_by_earnings_then_referrals_desc" time="1.166" /><testcase classname="tests.test_admin_affiliates_v22.TestAdminAffiliateTier" name="test_admin_reassign_same_tier_ok" time="2.654" /><testcase classname="tests.test_admin_affiliates_v22.TestAdminAffiliateTier" name="test_bogus_tier_id_returns_readable_error_not_500" time="1.557" /></testsuite></testsuites>