<?xml version="1.0" encoding="utf-8"?><testsuites name="pytest tests"><testsuite name="pytest" errors="0" failures="0" skipped="0" tests="20" time="10.959" timestamp="2026-09-06T03:12:45.717711+00:00" hostname="agent-env-2b6473bc-e08a-49fb-9b37-8dd7d5df58e5"><testcase classname="tests.test_affiliate_v21.TestPayout" name="test_requires_auth" time="0.198" /><testcase classname="tests.test_affiliate_v21.TestAttributionAndPayoutFmt" name="test_payout_details_line_cashapp" time="0.473" /><testcase classname="tests.test_affiliate_v21.TestAttributionAndPayoutFmt" name="test_payout_details_line_usdc_with_chain" time="0.000" /><testcase classname="tests.test_affiliate_v21.TestAttributionAndPayoutFmt" name="test_attribution_code_no_coupon_passes_ref" time="0.000" /><testcase classname="tests.test_affiliate_v21.TestAttributionAndPayoutFmt" name="test_attribution_code_empty_ref_returns_none" time="0.000" /><testcase classname="tests.test_affiliate_v21.TestAttributionAndPayoutFmt" name="test_attribution_code_with_coupon_and_zero_buyer_discount_passes" time="0.434" /><testcase classname="tests.test_affiliate_v21.TestPayout" name="test_below_minimum" time="0.922" /><testcase classname="tests.test_affiliate_v21.TestAttributionAndPayoutFmt" name="test_attribution_code_with_coupon_and_buyer_discount_dropped" time="0.000" /><testcase classname="tests.test_affiliate_v21.TestAffiliateMe" name="test_requires_auth" time="0.117" /><testcase classname="tests.test_affiliate_v21.TestPayout" name="test_unknown_method_rejected" time="0.250" /><testcase classname="tests.test_affiliate_v21.TestPayout" name="test_usdc_requires_chain" time="0.060" /><testcase classname="tests.test_affiliate_v21.TestAffiliateMe" name="test_shape_for_authed_user" time="1.470" /><testcase classname="tests.test_affiliate_v21.TestPayout" name="test_above_balance" time="0.712" /><testcase classname="tests.test_affiliate_v21.TestAffiliateMe" name="test_ignores_client_supplied_identity" time="1.112" /><testcase classname="tests.test_affiliate_v21.TestPayout" name="test_cannot_target_other_user" time="1.164" /><testcase classname="tests.test_affiliate_v21.TestReferralLink" name="test_link_format" time="0.035" /><testcase classname="tests.test_affiliate_v21.TestReferralLink" name="test_new_code_within_16_chars" time="0.002" /><testcase classname="tests.test_affiliate_v21.TestEnroll" name="test_requires_auth" time="0.123" /><testcase classname="tests.test_affiliate_v21.TestEnroll" name="test_enroll_new_customer_and_idempotent" time="3.197" /><testcase classname="tests.test_affiliate_v21.TestEnroll" name="test_ignores_client_supplied_identity_in_body" time="3.478" /></testsuite></testsuites>