<?xml version="1.0" encoding="utf-8"?><testsuites name="pytest tests"><testsuite name="pytest" errors="0" failures="0" skipped="0" tests="11" time="12.636" timestamp="2026-09-06T03:45:53.290078+00:00" hostname="agent-env-2b6473bc-e08a-49fb-9b37-8dd7d5df58e5"><testcase classname="tests.test_affiliate_code_v23.TestAuth" name="test_requires_auth" time="0.271" /><testcase classname="tests.test_affiliate_code_v23.TestNotPromoter" name="test_returns_400" time="1.257" /><testcase classname="tests.test_affiliate_code_v23.TestValidation" name="test_too_short" time="3.044" /><testcase classname="tests.test_affiliate_code_v23.TestValidation" name="test_too_long" time="0.062" /><testcase classname="tests.test_affiliate_code_v23.TestValidation" name="test_special_chars" time="0.061" /><testcase classname="tests.test_affiliate_code_v23.TestValidation" name="test_space_rejected" time="0.064" /><testcase classname="tests.test_affiliate_code_v23.TestValidation" name="test_accepts_underscore_hyphen" time="0.143" /><testcase classname="tests.test_affiliate_code_v23.TestDuplicate" name="test_duplicate_readable_400" time="8.580" /><testcase classname="tests.test_affiliate_code_v23.TestMeExposesFields" name="test_before_change" time="3.693" /><testcase classname="tests.test_affiliate_code_v23.TestChangeCode" name="test_change_and_one_change_only_and_ignores_injection" time="4.751" /><testcase classname="tests.test_affiliate_code_v23.TestCodeModel" name="test_pattern_and_upper" time="0.088" /></testsuite></testsuites>