<?xml version="1.0" encoding="utf-8"?><testsuites name="pytest tests"><testsuite name="pytest" errors="0" failures="0" skipped="0" tests="12" time="25.130" timestamp="2026-09-07T00:45:05.307639+00:00" hostname="agent-env-2b6473bc-e08a-49fb-9b37-8dd7d5df58e5"><testcase classname="tests.test_image_sync_v24.TestImageUrlHelper" name="test_image_url_orders_by_pivot" time="0.000" /><testcase classname="tests.test_image_sync_v24.TestImageUrlHelper" name="test_image_url_empty_when_no_images" time="0.000" /><testcase classname="tests.test_image_sync_v24.TestImageUrlHelper" name="test_image_url_skips_missing_url" time="0.000" /><testcase classname="tests.test_image_sync_v24.TestProductsAfterSync" name="test_sellauth_linked_have_remote_urls_shundo_local" time="0.678" /><testcase classname="tests.test_image_sync_v24.TestSyncImagesAuth" name="test_sync_images_requires_auth" time="0.126" /><testcase classname="tests.test_image_sync_v24.TestSyncImagesAuth" name="test_sync_images_forbidden_for_customer" time="0.460" /><testcase classname="tests.test_image_sync_v24.TestSyncImagesAuth" name="test_sync_images_admin_success_and_idempotent" time="12.680" /><testcase classname="tests.test_image_sync_v24.TestCreateProductAutoImage" name="test_create_with_sellauth_id_no_image_gets_remote" time="0.749" /><testcase classname="tests.test_image_sync_v24.TestUpdateWithoutImageKeepsSynced" name="test_put_without_image_url_preserves_remote" time="0.241" /><testcase classname="tests.test_image_sync_v24.TestUpdateWithoutImageKeepsSynced" name="test_put_with_manual_image_filename_overrides" time="6.804" /><testcase classname="tests.test_image_sync_v24.TestChangeSellAuthIdRefreshesImage" name="test_change_id_updates_image_price_variant" time="1.135" /><testcase classname="tests.test_image_sync_v24.TestCatalogSyncDiff" name="test_catalog_sync_dry_run_returns_ok" time="2.162" /></testsuite></testsuites>