<?xml version="1.0" encoding="utf-8"?><testsuites name="pytest tests"><testsuite name="pytest" errors="0" failures="0" skipped="0" tests="10" time="3.176" timestamp="2026-08-19T15:36:00.678977+00:00" hostname="agent-env-2b6473bc-e08a-49fb-9b37-8dd7d5df58e5"><testcase classname="tests.test_product_update_v4.TestIncludeInactiveGating" name="test_anonymous_403" time="0.152" /><testcase classname="tests.test_product_update_v4.TestPartialUpdate" name="test_partial_coming_soon_only_preserves_all_other_fields" time="1.287" /><testcase classname="tests.test_product_update_v4.TestIncludeInactiveGating" name="test_customer_403" time="0.745" /><testcase classname="tests.test_product_update_v4.TestPartialUpdate" name="test_full_form_save_roundtrips_star" time="0.281" /><testcase classname="tests.test_product_update_v4.TestIncludeInactiveGating" name="test_admin_gets_superset" time="1.088" /><testcase classname="tests.test_product_update_v4.TestPartialUpdate" name="test_empty_body_is_noop" time="0.132" /><testcase classname="tests.test_product_update_v4.TestPartialUpdate" name="test_invalid_category_400" time="0.281" /><testcase classname="tests.test_product_update_v4.TestPartialUpdate" name="test_unknown_id_404" time="0.154" /><testcase classname="tests.test_product_update_v4.TestIncludeInactiveGating" name="test_public_list_unaffected_without_param" time="0.176" /><testcase classname="tests.test_product_update_v4.TestPartialUpdate" name="test_non_admin_cannot_update" time="0.487" /></testsuite></testsuites>