<?xml version="1.0" encoding="utf-8"?><testsuites name="pytest tests"><testsuite name="pytest" errors="0" failures="0" skipped="0" tests="21" time="7.514" timestamp="2026-08-19T15:31:19.927147+00:00" hostname="agent-env-2b6473bc-e08a-49fb-9b37-8dd7d5df58e5"><testcase classname="tests.test_coupons_v2.TestFixedCouponAdmin" name="test_create_fixed_coupon" time="1.303" /><testcase classname="tests.test_coupons_v2.TestFixedCouponValidate" name="test_fixed_discount_equals_amount" time="1.374" /><testcase classname="tests.test_coupons_v2.TestFixedCouponAdmin" name="test_percent_coupon_still_works" time="0.403" /><testcase classname="tests.test_coupons_v2.TestFixedCouponValidate" name="test_fixed_capped_at_subtotal_never_negative" time="0.556" /><testcase classname="tests.test_coupons_v2.TestFixedCouponAdmin" name="test_fixed_without_amount_400" time="0.169" /><testcase classname="tests.test_coupons_v2.TestFixedCouponAdmin" name="test_percent_without_percent_400" time="0.162" /><testcase classname="tests.test_coupons_v2.TestFixedCouponValidate" name="test_fixed_respects_excluded_category" time="0.538" /><testcase classname="tests.test_coupons_v2.TestFixedCouponAdmin" name="test_negative_amount_422" time="0.145" /><testcase classname="tests.test_coupons_v2.TestFixedCouponAdmin" name="test_update_percent_to_fixed" time="0.729" /><testcase classname="tests.test_coupons_v2.TestFixedCouponValidate" name="test_fixed_respects_excluded_product" time="0.654" /><testcase classname="tests.test_coupons_v2.TestOnePerCustomer" name="test_blocks_redeemed_email_allows_other" time="1.483" /><testcase classname="tests.test_coupons_v2.TestFixedCouponValidate" name="test_all_items_excluded_400" time="0.519" /><testcase classname="tests.test_coupons_v2.TestAdminWaitlist" name="test_requires_admin" time="0.174" /><testcase classname="tests.test_coupons_v2.TestAdminWaitlist" name="test_lists_signups" time="0.300" /><testcase classname="tests.test_coupons_v2.TestAdminWaitlist" name="test_duplicate_signup_is_upsert" time="0.371" /><testcase classname="tests.test_coupons_v2.TestOnePerCustomer" name="test_no_email_still_validates" time="0.446" /><testcase classname="tests.test_coupons_v2.TestFavicon" name="test_favicon_png_200" time="0.203" /><testcase classname="tests.test_coupons_v2.TestFavicon" name="test_index_references_favicon" time="0.195" /><testcase classname="tests.test_coupons_v2.TestOnePerCustomer" name="test_checkout_blocks_redeemed_email" time="0.537" /><testcase classname="tests.test_coupons_v2.TestFullDiscountCheckout" name="test_fixed_coupon_covering_whole_cart_checkout" time="0.982" /><testcase classname="tests.test_coupons_v2.TestOnePerCustomer" name="test_redemption_recorded_via_paid_webhook" time="0.713" /></testsuite></testsuites>