<?xml version="1.0" encoding="utf-8"?><testsuites name="pytest tests"><testsuite name="pytest" errors="0" failures="0" skipped="0" tests="89" time="98.515" timestamp="2026-08-19T15:28:39.197483+00:00" hostname="agent-env-2b6473bc-e08a-49fb-9b37-8dd7d5df58e5"><testcase classname="tests.backend_test.TestCouponValidation" name="test_validate_public_no_auth" time="1.866" /><testcase classname="tests.backend_test.TestCouponAdminCrud" name="test_list_requires_admin" time="1.352" /><testcase classname="tests.backend_test.TestCouponAdminCrud" name="test_create_requires_admin" time="0.555" /><testcase classname="tests.backend_test.TestCouponValidation" name="test_case_insensitive_code" time="1.475" /><testcase classname="tests.backend_test.TestCouponAdminCrud" name="test_create_and_uppercase_code" time="1.267" /><testcase classname="tests.backend_test.TestCouponAdminCrud" name="test_duplicate_code_returns_400" time="0.828" /><testcase classname="tests.backend_test.TestCouponValidation" name="test_unknown_code_400" time="0.548" /><testcase classname="tests.backend_test.TestCouponValidation" name="test_inactive_coupon_400" time="1.637" /><testcase classname="tests.backend_test.TestCouponAdminCrud" name="test_percent_out_of_range_422" time="0.848" /><testcase classname="tests.backend_test.TestCouponAdminCrud" name="test_unknown_category_400" time="0.159" /><testcase classname="tests.backend_test.TestCouponAdminCrud" name="test_optional_fields_accepted" time="0.703" /><testcase classname="tests.backend_test.TestCouponValidation" name="test_expired_coupon_400" time="0.888" /><testcase classname="tests.backend_test.TestCouponAdminCrud" name="test_put_updates_all_fields" time="0.949" /><testcase classname="tests.backend_test.TestCouponValidation" name="test_usage_limit_400" time="0.791" /><testcase classname="tests.backend_test.TestCouponAdminCrud" name="test_delete_bogus_id_404" time="0.420" /><testcase classname="tests.backend_test.TestWebhook" name="test_webhook_bad_signature_401" time="0.002" /><testcase classname="tests.backend_test.TestWebhook" name="test_webhook_missing_signature_401" time="0.002" /><testcase classname="tests.backend_test.TestWebhook" name="test_webhook_unknown_session_matched_false" time="0.004" /><testcase classname="tests.backend_test.TestWebhook" name="test_webhook_unpaid_status_creates_no_order" time="0.893" /><testcase classname="tests.backend_test.TestCouponValidation" name="test_min_subtotal_400" time="0.928" /><testcase classname="tests.backend_test.TestWebhook" name="test_webhook_paid_promotes_session_to_order_and_idempotent" time="0.596" /><testcase classname="tests.backend_test.TestWebhook" name="test_checkout_session_status_returns_order_id" time="0.318" /><testcase classname="tests.backend_test.TestPasswordChange" name="test_change_password_requires_auth" time="0.253" /><testcase classname="tests.backend_test.TestPasswordChange" name="test_change_password_short_returns_422" time="0.347" /><testcase classname="tests.backend_test.TestRegisteredPrivacy" name="test_other_user_forbidden" time="1.506" /><testcase classname="tests.backend_test.TestPasswordChange" name="test_wrong_current_password_returns_401" time="0.691" /><testcase classname="tests.backend_test.TestRegisteredPrivacy" name="test_anonymous_forbidden" time="0.166" /><testcase classname="tests.backend_test.TestRegisteredPrivacy" name="test_admin_can_read" time="0.305" /><testcase classname="tests.backend_test.TestRegisteredPrivacy" name="test_customer_cannot_reveal_creds" time="0.453" /><testcase classname="tests.backend_test.TestPasswordChange" name="test_customer_password_change_happy_path" time="1.917" /><testcase classname="tests.backend_test.TestRegisteredPrivacy" name="test_admin_status_transitions_notify_customer" time="1.786" /><testcase classname="tests.backend_test.TestPasswordChange" name="test_reusing_same_password_returns_400" time="0.491" /><testcase classname="tests.backend_test.TestVisitorTracking" name="test_track_public_no_auth" time="0.257" /><testcase classname="tests.backend_test.TestMedalsCategory" name="test_seeded_medals_present_with_msrp" time="0.388" /><testcase classname="tests.backend_test.TestVisitorTracking" name="test_track_dedup_per_ip_per_day" time="1.065" /><testcase classname="tests.backend_test.TestMedalsCategory" name="test_admin_can_create_medals_product" time="0.406" /><testcase classname="tests.backend_test.TestMedalsCategory" name="test_non_admin_cannot_create_medals" time="0.431" /><testcase classname="tests.backend_test.TestVisitorTracking" name="test_visits_indexes" time="0.001" /><testcase classname="tests.backend_test.TestVisitorTracking" name="test_geolocation_united_states" time="0.251" /><testcase classname="tests.backend_test.TestMedalsCategory" name="test_invalid_category_400" time="0.194" /><testcase classname="tests.backend_test.TestVisitorTracking" name="test_geolocation_private_ip_unknown_non_fatal" time="0.171" /><testcase classname="tests.backend_test.TestStardustCategory" name="test_seeded_stardust_products_present" time="0.118" /><testcase classname="tests.backend_test.TestFeaturedField" name="test_is_featured_present_on_every_product" time="0.214" /><testcase classname="tests.backend_test.TestStardustCategory" name="test_admin_create_stardust_product" time="0.631" /><testcase classname="tests.backend_test.TestFeaturedField" name="test_create_defaults_is_featured_false" time="0.801" /><testcase classname="tests.backend_test.TestStardustCategory" name="test_customer_cannot_create_stardust" time="0.210" /><testcase classname="tests.backend_test.TestStardustCategory" name="test_invalid_category_still_400" time="0.270" /><testcase classname="tests.backend_test.TestFeaturedField" name="test_create_with_is_featured_true_persists" time="0.652" /><testcase classname="tests.backend_test.TestFeaturedToggle" name="test_requires_auth" time="0.653" /><testcase classname="tests.backend_test.TestFeaturedField" name="test_put_preserves_is_featured" time="1.060" /><testcase classname="tests.backend_test.TestFeaturedToggle" name="test_forbidden_for_customer" time="0.585" /><testcase classname="tests.backend_test.TestFeaturedToggle" name="test_404_for_nonexistent" time="0.239" /><testcase classname="tests.backend_test.TestFeaturedToggle" name="test_toggle_persists" time="1.385" /><testcase classname="tests.backend_test.TestCouponCheckout" name="test_checkout_applies_discount_server_side_and_stores_on_session" time="1.594" /><testcase classname="tests.backend_test.TestCheckoutValidation" name="test_guest_missing_email_400" time="0.677" /><testcase classname="tests.backend_test.TestCouponCheckout" name="test_checkout_invalid_coupon_400_no_orphan_session" time="0.637" /><testcase classname="tests.backend_test.TestCheckoutValidation" name="test_guest_event_pass_only_400_no_session_no_order" time="0.606" /><testcase classname="tests.backend_test.TestCouponCheckout" name="test_event_pass_bundle_rule_precedes_coupon_error" time="1.068" /><testcase classname="tests.backend_test.TestCheckoutValidation" name="test_registered_event_pass_only_400" time="0.580" /><testcase classname="tests.backend_test.TestMedalsCartLogic" name="test_medals_only_does_not_unlock_event_pass" time="0.688" /><testcase classname="tests.backend_test.TestCouponCheckout" name="test_webhook_promotes_session_with_coupon_and_increments_used_count" time="1.062" /><testcase classname="tests.backend_test.TestMedalsCartLogic" name="test_medals_only_passes_validation" time="1.543" /><testcase classname="tests.backend_test.TestWaitlist" name="test_waitlist_public_upsert" time="0.451" /><testcase classname="tests.backend_test.TestWaitlist" name="test_admin_waitlist_requires_admin" time="0.459" /><testcase classname="tests.backend_test.TestWaitlist" name="test_admin_waitlist_lists" time="0.227" /><testcase classname="tests.backend_test.TestMedalsCartLogic" name="test_medals_plus_bundle_passes_validation" time="1.283" /><testcase classname="tests.backend_test.TestNoStripe" name="test_stripe_routes_gone" time="0.504" /><testcase classname="tests.backend_test.TestNoStripe" name="test_no_stripe_in_source" time="0.001" /><testcase classname="tests.backend_test.TestAuth" name="test_root" time="0.297" /><testcase classname="tests.backend_test.TestAuth" name="test_me_returns_user" time="0.180" /><testcase classname="tests.backend_test.TestProducts" name="test_list_products_no_stripe_price" time="0.260" /><testcase classname="tests.backend_test.TestCouponExclusions" name="test_category_exclusion_all_excluded_400" time="0.842" /><testcase classname="tests.backend_test.TestProducts" name="test_admin_crud" time="1.053" /><testcase classname="tests.backend_test.TestCouponExclusions" name="test_category_exclusion_mixed_cart_discounts_only_eligible" time="1.351" /><testcase classname="tests.backend_test.TestTTLIndex" name="test_expires_at_ttl_index" time="0.001" /><testcase classname="tests.backend_test.TestTTLIndex" name="test_webhook_events_unique_index" time="0.000" /><testcase classname="tests.backend_test.TestAdminProtection" name="test_admin_orders_requires_admin" time="0.449" /><testcase classname="tests.backend_test.TestAdminProtection" name="test_admin_can_list_orders" time="0.312" /><testcase classname="tests.backend_test.TestStardustCart" name="test_stardust_only_passes_validation" time="1.246" /><testcase classname="tests.backend_test.TestCouponExclusions" name="test_product_id_exclusion" time="0.950" /><testcase classname="tests.backend_test.TestStardustCart" name="test_stardust_does_not_unlock_event_pass" time="0.845" /><testcase classname="tests.backend_test.TestTracking" name="test_public_get_guest_order" time="0.585" /><testcase classname="tests.backend_test.TestTracking" name="test_public_get_messages" time="0.187" /><testcase classname="tests.backend_test.TestStardustVisibility" name="test_stardust_products_active_and_not_coming_soon" time="0.133" /><testcase classname="tests.backend_test.TestAnalytics" name="test_analytics_requires_admin" time="0.401" /><testcase classname="tests.backend_test.TestStardustVisibility" name="test_all_category_keys_are_lowercase_snake_case" time="0.274" /><testcase classname="tests.backend_test.TestCheckoutLive" name="test_guest_checkout_returns_url_no_order" time="0.875" /><testcase classname="tests.backend_test.TestAnalytics" name="test_analytics_admin_shape" time="68.626" /><testcase classname="tests.backend_test" name="test_zz_restore_admin_password" time="0.638" /></testsuite></testsuites>