<?xml version="1.0" encoding="utf-8"?><testsuites name="pytest tests"><testsuite name="pytest" errors="0" failures="2" skipped="0" tests="11" time="8.040" timestamp="2026-08-19T23:39:30.936114+00:00" hostname="agent-env-2b6473bc-e08a-49fb-9b37-8dd7d5df58e5"><testcase classname="tests.test_auth_playbook_v2.TestPasswordHashing" name="test_admin_hash_is_bcrypt_2b" time="0.002" /><testcase classname="tests.test_auth_playbook_v2.TestPasswordHashing" name="test_new_user_hash_is_bcrypt_and_not_plaintext" time="0.450" /><testcase classname="tests.test_auth_playbook_v2.TestCookies" name="test_login_sets_httponly_cookies" time="0.411" /><testcase classname="tests.test_auth_playbook_v2.TestCookies" name="test_cookie_auth_works_without_bearer" time="0.428" /><testcase classname="tests.test_auth_playbook_v2.TestCookies" name="test_logout_clears_cookies" time="0.587" /><testcase classname="tests.test_auth_playbook_v2.TestCors" name="test_app_preflight_allows_credentials_with_reflected_origin" time="0.002" /><testcase classname="tests.test_auth_playbook_v2.TestCors" name="test_arbitrary_origin_is_reflected_security_note" time="0.001" /><testcase classname="tests.test_auth_playbook_v2.TestBruteForceLockout" name="test_lockout_after_five_failures" time="3.905"><failure message="AssertionError: 200&#10;assert 200 == 429&#10; +  where 200 = &lt;Response [200]&gt;.status_code">E   AssertionError: 200
    assert 200 == 429
     +  where 200 = &lt;Response [200]&gt;.status_code</failure></testcase><testcase classname="tests.test_auth_playbook_v2.TestBruteForceLockout" name="test_successful_login_resets_counter" time="1.789"><failure message="AssertionError: assert 1 == 0&#10; +  where 1 = count_documents({'identifier': {'$regex': 'testqa_reset_4eb2c8@example.com'}})&#10; +    where count_documents = Collection(Database(MongoClient(host=['localhost:27017'], document_class=dict, tz_aware=False, connect=True), 'test_database'), 'login_attempts').count_documents&#10; +      where Collection(Database(MongoClient(host=['localhost:27017'], document_class=dict, tz_aware=False, connect=True), 'test_database'), 'login_attempts') = Database(MongoClient(host=['localhost:27017'], document_class=dict, tz_aware=False, connect=True), 'test_database').login_attempts">E   AssertionError: assert 1 == 0
     +  where 1 = count_documents({'identifier': {'$regex': 'testqa_reset_4eb2c8@example.com'}})
     +    where count_documents = Collection(Database(MongoClient(host=['localhost:27017'], document_class=dict, tz_aware=False, connect=True), 'test_database'), 'login_attempts').count_documents
     +      where Collection(Database(MongoClient(host=['localhost:27017'], document_class=dict, tz_aware=False, connect=True), 'test_database'), 'login_attempts') = Database(MongoClient(host=['localhost:27017'], document_class=dict, tz_aware=False, connect=True), 'test_database').login_attempts</failure></testcase><testcase classname="tests.test_auth_playbook_v2.TestSeedAdminIdempotent" name="test_only_one_admin_doc" time="0.002" /><testcase classname="tests.test_auth_playbook_v2.TestSeedAdminIdempotent" name="test_admin_login_works" time="0.328" /></testsuite></testsuites>