<?xml version="1.0" encoding="utf-8"?><testsuites name="pytest tests"><testsuite name="pytest" errors="0" failures="0" skipped="0" tests="21" time="8.506" timestamp="2026-08-19T23:38:32.523418+00:00" hostname="agent-env-2b6473bc-e08a-49fb-9b37-8dd7d5df58e5"><testcase classname="tests.test_coupons_v2.TestFixedCouponAdmin" name="test_create_fixed_coupon" time="1.615" /><testcase classname="tests.test_coupons_v2.TestFixedCouponValidate" name="test_fixed_discount_equals_amount" time="1.800" /><testcase classname="tests.test_coupons_v2.TestFixedCouponAdmin" name="test_percent_coupon_still_works" time="0.291" /><testcase classname="tests.test_coupons_v2.TestFixedCouponValidate" name="test_fixed_capped_at_subtotal_never_negative" time="0.419" /><testcase classname="tests.test_coupons_v2.TestFixedCouponAdmin" name="test_fixed_without_amount_400" time="0.141" /><testcase classname="tests.test_coupons_v2.TestFixedCouponAdmin" name="test_percent_without_percent_400" time="1.562" /><testcase classname="tests.test_coupons_v2.TestFixedCouponValidate" name="test_fixed_respects_excluded_category" time="0.371" /><testcase classname="tests.test_coupons_v2.TestFixedCouponValidate" name="test_fixed_respects_excluded_product" time="0.347" /><testcase classname="tests.test_coupons_v2.TestFixedCouponValidate" name="test_all_items_excluded_400" time="0.365" /><testcase classname="tests.test_coupons_v2.TestOnePerCustomer" name="test_blocks_redeemed_email_allows_other" time="0.958" /><testcase classname="tests.test_coupons_v2.TestFixedCouponAdmin" name="test_negative_amount_422" time="0.111" /><testcase classname="tests.test_coupons_v2.TestFixedCouponAdmin" name="test_update_percent_to_fixed" time="0.511" /><testcase classname="tests.test_coupons_v2.TestAdminWaitlist" name="test_requires_admin" time="0.135" /><testcase classname="tests.test_coupons_v2.TestOnePerCustomer" name="test_no_email_still_validates" time="0.477" /><testcase classname="tests.test_coupons_v2.TestAdminWaitlist" name="test_lists_signups" time="0.352" /><testcase classname="tests.test_coupons_v2.TestAdminWaitlist" name="test_duplicate_signup_is_upsert" time="0.254" /><testcase classname="tests.test_coupons_v2.TestOnePerCustomer" name="test_checkout_blocks_redeemed_email" time="0.515" /><testcase classname="tests.test_coupons_v2.TestFavicon" name="test_favicon_png_200" time="0.202" /><testcase classname="tests.test_coupons_v2.TestFavicon" name="test_index_references_favicon" time="0.131" /><testcase classname="tests.test_coupons_v2.TestOnePerCustomer" name="test_redemption_recorded_via_paid_webhook" time="0.698" /><testcase classname="tests.test_coupons_v2.TestFullDiscountCheckout" name="test_fixed_coupon_covering_whole_cart_checkout" time="0.871" /></testsuite></testsuites>