<?xml version="1.0" encoding="utf-8"?><testsuites name="pytest tests"><testsuite name="pytest" errors="0" failures="1" skipped="0" tests="14" time="3.161" timestamp="2026-08-19T23:38:41.254710+00:00" hostname="agent-env-2b6473bc-e08a-49fb-9b37-8dd7d5df58e5"><testcase classname="tests.test_coming_soon_v3.TestVisibilityToggles" name="test_coming_soon_product_stays_in_public_list" time="0.929" /><testcase classname="tests.test_coming_soon_v3.TestCheckoutComingSoonGuard" name="test_coming_soon_product_rejected" time="0.833" /><testcase classname="tests.test_coming_soon_v3.TestCheckoutComingSoonGuard" name="test_coming_soon_mixed_with_valid_product_rejected" time="0.473"><failure message="AssertionError: assert 'not available yet' in 'the email must be a valid email address.'&#10; +  where 'the email must be a valid email address.' = &lt;built-in method lower of str object at 0xf863e82aa610&gt;()&#10; +    where &lt;built-in method lower of str object at 0xf863e82aa610&gt; = 'The email must be a valid email address.'.lower&#10; +      where 'The email must be a valid email address.' = &lt;built-in method get of dict object at 0xf863e80ebe00&gt;('detail', '')&#10; +        where &lt;built-in method get of dict object at 0xf863e80ebe00&gt; = {'detail': 'The email must be a valid email address.'}.get&#10; +          where {'detail': 'The email must be a valid email address.'} = json()&#10; +            where json = &lt;Response [400]&gt;.json">E   AssertionError: assert 'not available yet' in 'the email must be a valid email address.'
     +  where 'the email must be a valid email address.' = &lt;built-in method lower of str object at 0xf863e82aa610&gt;()
     +    where &lt;built-in method lower of str object at 0xf863e82aa610&gt; = 'The email must be a valid email address.'.lower
     +      where 'The email must be a valid email address.' = &lt;built-in method get of dict object at 0xf863e80ebe00&gt;('detail', '')
     +        where &lt;built-in method get of dict object at 0xf863e80ebe00&gt; = {'detail': 'The email must be a valid email address.'}.get
     +          where {'detail': 'The email must be a valid email address.'} = json()
     +            where json = &lt;Response [400]&gt;.json</failure></testcase><testcase classname="tests.test_coming_soon_v3.TestVisibilityToggles" name="test_inactive_product_hidden_publicly_but_visible_with_include_inactive" time="0.491" /><testcase classname="tests.test_coming_soon_v3.TestCheckoutComingSoonGuard" name="test_newly_flagged_coming_soon_product_rejected" time="0.410" /><testcase classname="tests.test_coming_soon_v3.TestVisibilityToggles" name="test_featured_coming_soon_persists" time="0.357" /><testcase classname="tests.test_coming_soon_v3.TestCheckoutComingSoonGuard" name="test_inactive_product_rejected" time="0.370" /><testcase classname="tests.test_coming_soon_v3.TestVisibilityToggles" name="test_toggle_featured_endpoint" time="0.267" /><testcase classname="tests.test_coming_soon_v3.TestVisibilityToggles" name="test_update_requires_admin" time="0.124" /><testcase classname="tests.test_coming_soon_v3.TestProductListing" name="test_public_list_returns_active_only_and_includes_coming_soon" time="0.151" /><testcase classname="tests.test_coming_soon_v3.TestFeaturedPreservedOnUpdate" name="test_put_without_is_featured_keeps_star" time="0.281" /><testcase classname="tests.test_coming_soon_v3.TestProductListing" name="test_include_inactive_requires_nothing_but_returns_superset" time="0.124" /><testcase classname="tests.test_coming_soon_v3.TestProductListing" name="test_sorted_by_price_ascending" time="0.118" /><testcase classname="tests.test_coming_soon_v3.TestWaitlist" name="test_join_waitlist_for_coming_soon_product" time="0.237" /></testsuite></testsuites>