<?xml version="1.0" encoding="utf-8"?><testsuites name="pytest tests"><testsuite name="pytest" errors="0" failures="0" skipped="0" tests="14" time="12.418" timestamp="2026-08-19T23:34:19.758132+00:00" hostname="agent-env-2b6473bc-e08a-49fb-9b37-8dd7d5df58e5"><testcase classname="tests.test_claim_chat_v5.TestPaymentSuccessData" name="test_session_lookup_returns_order_id" time="1.922" /><testcase classname="tests.test_claim_chat_v5.TestClaimOrder" name="test_claim_creates_account_and_links_all_same_email_orders" time="4.643" /><testcase classname="tests.test_claim_chat_v5.TestPaymentSuccessData" name="test_anonymous_can_read_unclaimed_order_and_email" time="1.574" /><testcase classname="tests.test_claim_chat_v5.TestPaymentSuccessData" name="test_unknown_session_404" time="0.327" /><testcase classname="tests.test_claim_chat_v5.TestOrderChat" name="test_guest_post_and_admin_reply" time="1.935" /><testcase classname="tests.test_claim_chat_v5.TestClaimOrder" name="test_claim_with_existing_account_email_rejected" time="1.662" /><testcase classname="tests.test_claim_chat_v5.TestOrderChat" name="test_empty_body_rejected" time="1.181" /><testcase classname="tests.test_claim_chat_v5.TestClaimOrder" name="test_short_password_rejected" time="1.145" /><testcase classname="tests.test_claim_chat_v5.TestOrderChat" name="test_messages_unknown_order_404" time="0.162" /><testcase classname="tests.test_claim_chat_v5.TestAdminReplyNotifications" name="test_admin_reply_notifies_account_holder" time="2.165" /><testcase classname="tests.test_claim_chat_v5.TestClaimOrder" name="test_unknown_order_404" time="0.204" /><testcase classname="tests.test_claim_chat_v5.TestClaimOrder" name="test_claim_ignores_client_supplied_email" time="1.263" /><testcase classname="tests.test_claim_chat_v5.TestAdminReplyNotifications" name="test_notifications_require_auth" time="0.133" /><testcase classname="tests.test_claim_chat_v5.TestCustomerOrdersList" name="test_orders_requires_auth_and_scoped" time="2.443" /></testsuite></testsuites>