<?xml version="1.0" encoding="utf-8"?><testsuites name="pytest tests"><testsuite name="pytest" errors="0" failures="0" skipped="0" tests="26" time="6.206" timestamp="2026-08-23T05:41:26.178034+00:00" hostname="agent-env-2b6473bc-e08a-49fb-9b37-8dd7d5df58e5"><testcase classname="tests.test_sellauth_launch_v6.TestCouponPassthrough" name="test_coupon_code_accepted_and_session_created" time="0.651" /><testcase classname="tests.test_sellauth_launch_v6.TestCartRules" name="test_pass_alone_rejected" time="0.249" /><testcase classname="tests.test_sellauth_launch_v6.TestCartRules" name="test_two_distinct_passes_with_coins_rejected" time="0.096" /><testcase classname="tests.test_sellauth_launch_v6.TestCartRules" name="test_pass_quantity_two_rejected" time="0.092" /><testcase classname="tests.test_sellauth_launch_v6.TestCartRules" name="test_pass_plus_stardust_allowed" time="0.512" /><testcase classname="tests.test_sellauth_launch_v6.TestCouponPassthrough" name="test_coupon_endpoints_removed[/coupons/validate-POST]" time="0.140" /><testcase classname="tests.test_sellauth_launch_v6.TestCouponPassthrough" name="test_coupon_endpoints_removed[/coupons/validate-GET]" time="0.107" /><testcase classname="tests.test_sellauth_launch_v6.TestCouponPassthrough" name="test_coupon_endpoints_removed[/admin/coupons-GET]" time="0.095" /><testcase classname="tests.test_sellauth_launch_v6.TestCartRules" name="test_pass_plus_medal_allowed" time="0.474" /><testcase classname="tests.test_sellauth_launch_v6.TestCouponPassthrough" name="test_coupon_endpoints_removed[/admin/coupons-POST]" time="0.113" /><testcase classname="tests.test_sellauth_launch_v6.TestCouponPassthrough" name="test_coupon_endpoints_removed[/admin/coupons/anything-DELETE]" time="0.089" /><testcase classname="tests.test_sellauth_launch_v6.TestBanner" name="test_public_get" time="0.098" /><testcase classname="tests.test_sellauth_launch_v6.TestBanner" name="test_anonymous_put_rejected" time="0.096" /><testcase classname="tests.test_sellauth_launch_v6.TestCartRules" name="test_coming_soon_product_blocked" time="0.289" /><testcase classname="tests.test_sellauth_launch_v6.TestBanner" name="test_javascript_link_rejected" time="0.420" /><testcase classname="tests.test_sellauth_launch_v6.TestCartRules" name="test_empty_cart_rejected" time="0.098" /><testcase classname="tests.test_sellauth_launch_v6.TestCatalogMapping" name="test_every_available_product_has_sellauth_ids" time="0.000" /><testcase classname="tests.test_sellauth_launch_v6.TestBanner" name="test_admin_update_and_persist" time="0.750" /><testcase classname="tests.test_sellauth_launch_v6.TestCatalogMapping" name="test_only_the_two_shundo_items_are_coming_soon" time="0.000" /><testcase classname="tests.test_sellauth_launch_v6.TestCatalogMapping" name="test_no_mongo_object_id_leak" time="0.000" /><testcase classname="tests.test_sellauth_launch_v6.TestCatalogMapping" name="test_sellauth_synced_prices" time="0.369" /><testcase classname="tests.test_sellauth_launch_v6.TestBanner" name="test_absolute_https_link_allowed" time="0.279" /><testcase classname="tests.test_sellauth_launch_v6.TestRegression" name="test_admin_orders_requires_admin" time="0.089" /><testcase classname="tests.test_sellauth_launch_v6.TestRegression" name="test_admin_orders_and_analytics" time="0.205" /><testcase classname="tests.test_sellauth_launch_v6.TestRegression" name="test_waitlist" time="0.214" /><testcase classname="tests.test_sellauth_launch_v6.TestRegression" name="test_paid_session_poll_and_order" time="2.029" /></testsuite></testsuites>