<?xml version="1.0" encoding="utf-8"?><testsuites name="pytest tests"><testsuite name="pytest" errors="0" failures="2" skipped="23" tests="113" time="99.961" timestamp="2026-08-23T05:50:51.142991+00:00" hostname="agent-env-2b6473bc-e08a-49fb-9b37-8dd7d5df58e5"><testcase classname="tests.backend_test.TestCouponValidation" name="test_validate_public_no_auth" time="0.000"><skipped type="pytest.skip" message="Local coupon engine removed in iteration 14 — SellAuth owns coupons now">/app/backend/tests/backend_test.py:946: Local coupon engine removed in iteration 14 — SellAuth owns coupons now</skipped></testcase><testcase classname="tests.backend_test.TestCouponAdminCrud" name="test_list_requires_admin" time="0.000"><skipped type="pytest.skip" message="Local coupon engine removed in iteration 14 — SellAuth owns coupons now">/app/backend/tests/backend_test.py:850: Local coupon engine removed in iteration 14 — SellAuth owns coupons now</skipped></testcase><testcase classname="tests.backend_test.TestCouponAdminCrud" name="test_create_requires_admin" time="0.042"><skipped type="pytest.skip" message="Local coupon engine removed in iteration 14 — SellAuth owns coupons now">/app/backend/tests/backend_test.py:855: Local coupon engine removed in iteration 14 — SellAuth owns coupons now</skipped></testcase><testcase classname="tests.backend_test.TestCouponValidation" name="test_case_insensitive_code" time="0.000"><skipped type="pytest.skip" message="Local coupon engine removed in iteration 14 — SellAuth owns coupons now">/app/backend/tests/backend_test.py:961: Local coupon engine removed in iteration 14 — SellAuth owns coupons now</skipped></testcase><testcase classname="tests.backend_test.TestCouponAdminCrud" name="test_create_and_uppercase_code" time="0.000"><skipped type="pytest.skip" message="Local coupon engine removed in iteration 14 — SellAuth owns coupons now">/app/backend/tests/backend_test.py:861: Local coupon engine removed in iteration 14 — SellAuth owns coupons now</skipped></testcase><testcase classname="tests.backend_test.TestCouponAdminCrud" name="test_duplicate_code_returns_400" time="0.000"><skipped type="pytest.skip" message="Local coupon engine removed in iteration 14 — SellAuth owns coupons now">/app/backend/tests/backend_test.py:877: Local coupon engine removed in iteration 14 — SellAuth owns coupons now</skipped></testcase><testcase classname="tests.backend_test.TestCouponValidation" name="test_unknown_code_400" time="0.000"><skipped type="pytest.skip" message="Local coupon engine removed in iteration 14 — SellAuth owns coupons now">/app/backend/tests/backend_test.py:969: Local coupon engine removed in iteration 14 — SellAuth owns coupons now</skipped></testcase><testcase classname="tests.backend_test.TestCouponValidation" name="test_inactive_coupon_400" time="0.000"><skipped type="pytest.skip" message="Local coupon engine removed in iteration 14 — SellAuth owns coupons now">/app/backend/tests/backend_test.py:978: Local coupon engine removed in iteration 14 — SellAuth owns coupons now</skipped></testcase><testcase classname="tests.backend_test.TestCouponAdminCrud" name="test_percent_out_of_range_422" time="0.000"><skipped type="pytest.skip" message="Local coupon engine removed in iteration 14 — SellAuth owns coupons now">/app/backend/tests/backend_test.py:889: Local coupon engine removed in iteration 14 — SellAuth owns coupons now</skipped></testcase><testcase classname="tests.backend_test.TestCouponAdminCrud" name="test_unknown_category_400" time="0.000"><skipped type="pytest.skip" message="Local coupon engine removed in iteration 14 — SellAuth owns coupons now">/app/backend/tests/backend_test.py:897: Local coupon engine removed in iteration 14 — SellAuth owns coupons now</skipped></testcase><testcase classname="tests.backend_test.TestCouponValidation" name="test_expired_coupon_400" time="0.000"><skipped type="pytest.skip" message="Local coupon engine removed in iteration 14 — SellAuth owns coupons now">/app/backend/tests/backend_test.py:992: Local coupon engine removed in iteration 14 — SellAuth owns coupons now</skipped></testcase><testcase classname="tests.backend_test.TestCouponValidation" name="test_usage_limit_400" time="0.000"><skipped type="pytest.skip" message="Local coupon engine removed in iteration 14 — SellAuth owns coupons now">/app/backend/tests/backend_test.py:1010: Local coupon engine removed in iteration 14 — SellAuth owns coupons now</skipped></testcase><testcase classname="tests.backend_test.TestCouponAdminCrud" name="test_optional_fields_accepted" time="0.000"><skipped type="pytest.skip" message="Local coupon engine removed in iteration 14 — SellAuth owns coupons now">/app/backend/tests/backend_test.py:906: Local coupon engine removed in iteration 14 — SellAuth owns coupons now</skipped></testcase><testcase classname="tests.backend_test.TestCouponAdminCrud" name="test_put_updates_all_fields" time="0.000"><skipped type="pytest.skip" message="Local coupon engine removed in iteration 14 — SellAuth owns coupons now">/app/backend/tests/backend_test.py:914: Local coupon engine removed in iteration 14 — SellAuth owns coupons now</skipped></testcase><testcase classname="tests.backend_test.TestCouponValidation" name="test_min_subtotal_400" time="0.000"><skipped type="pytest.skip" message="Local coupon engine removed in iteration 14 — SellAuth owns coupons now">/app/backend/tests/backend_test.py:1026: Local coupon engine removed in iteration 14 — SellAuth owns coupons now</skipped></testcase><testcase classname="tests.backend_test.TestCouponAdminCrud" name="test_delete_bogus_id_404" time="0.000"><skipped type="pytest.skip" message="Local coupon engine removed in iteration 14 — SellAuth owns coupons now">/app/backend/tests/backend_test.py:928: Local coupon engine removed in iteration 14 — SellAuth owns coupons now</skipped></testcase><testcase classname="tests.backend_test.TestWebhook" name="test_webhook_bad_signature_401" time="0.003" /><testcase classname="tests.backend_test.TestWebhook" name="test_webhook_missing_signature_401" time="0.002" /><testcase classname="tests.backend_test.TestWebhook" name="test_webhook_unknown_session_matched_false" time="0.004" /><testcase classname="tests.backend_test.TestWebhook" name="test_webhook_unpaid_status_creates_no_order" time="0.812" /><testcase classname="tests.test_product_update_v4.TestPartialUpdate" name="test_partial_coming_soon_only_preserves_all_other_fields" time="0.882" /><testcase classname="tests.test_product_update_v4.TestPartialUpdate" name="test_full_form_save_roundtrips_star" time="0.382" /><testcase classname="tests.backend_test.TestWebhook" name="test_webhook_paid_promotes_session_to_order_and_idempotent" time="0.646" /><testcase classname="tests.test_product_update_v4.TestPartialUpdate" name="test_empty_body_is_noop" time="0.094" /><testcase classname="tests.test_product_update_v4.TestPartialUpdate" name="test_invalid_category_400" time="0.193" /><testcase classname="tests.backend_test.TestWebhook" name="test_checkout_session_status_returns_order_id" time="0.128" /><testcase classname="tests.test_product_update_v4.TestPartialUpdate" name="test_unknown_id_404" time="0.100" /><testcase classname="tests.test_product_update_v4.TestPartialUpdate" name="test_non_admin_cannot_update" time="0.794" /><testcase classname="tests.backend_test.TestPasswordChange" name="test_change_password_requires_auth" time="0.100" /><testcase classname="tests.backend_test.TestRegisteredPrivacy" name="test_other_user_forbidden" time="1.374" /><testcase classname="tests.backend_test.TestPasswordChange" name="test_change_password_short_returns_422" time="0.420" /><testcase classname="tests.backend_test.TestPasswordChange" name="test_wrong_current_password_returns_401" time="0.326" /><testcase classname="tests.backend_test.TestRegisteredPrivacy" name="test_anonymous_forbidden" time="0.324" /><testcase classname="tests.backend_test.TestPasswordChange" name="test_customer_password_change_happy_path" time="1.205" /><testcase classname="tests.backend_test.TestRegisteredPrivacy" name="test_admin_can_read" time="0.555" /><testcase classname="tests.backend_test.TestRegisteredPrivacy" name="test_customer_cannot_reveal_creds" time="0.095" /><testcase classname="tests.backend_test.TestRegisteredPrivacy" name="test_admin_status_transitions_notify_customer" time="1.044" /><testcase classname="tests.backend_test.TestPasswordChange" name="test_reusing_same_password_returns_400" time="0.349" /><testcase classname="tests.backend_test.TestVisitorTracking" name="test_track_public_no_auth" time="0.091" /><testcase classname="tests.backend_test.TestVisitorTracking" name="test_track_dedup_per_ip_per_day" time="0.474" /><testcase classname="tests.test_claim_chat_v5.TestClaimOrder" name="test_claim_creates_account_and_links_all_same_email_orders" time="3.487" /><testcase classname="tests.backend_test.TestVisitorTracking" name="test_visits_indexes" time="0.001" /><testcase classname="tests.backend_test.TestVisitorTracking" name="test_geolocation_united_states" time="0.216" /><testcase classname="tests.backend_test.TestVisitorTracking" name="test_geolocation_private_ip_unknown_non_fatal" time="0.094" /><testcase classname="tests.backend_test.TestMedalsCategory" name="test_seeded_medals_present_with_msrp" time="0.096" /><testcase classname="tests.backend_test.TestMedalsCategory" name="test_admin_can_create_medals_product" time="0.699" /><testcase classname="tests.backend_test.TestMedalsCategory" name="test_non_admin_cannot_create_medals" time="0.113" /><testcase classname="tests.backend_test.TestMedalsCategory" name="test_invalid_category_400" time="0.127" /><testcase classname="tests.backend_test.TestStardustCategory" name="test_seeded_stardust_products_present" time="0.090" /><testcase classname="tests.backend_test.TestStardustCategory" name="test_admin_create_stardust_product" time="0.195" /><testcase classname="tests.backend_test.TestStardustCategory" name="test_customer_cannot_create_stardust" time="0.097" /><testcase classname="tests.backend_test.TestStardustCategory" name="test_invalid_category_still_400" time="0.096" /><testcase classname="tests.backend_test.TestFeaturedField" name="test_is_featured_present_on_every_product" time="0.293" /><testcase classname="tests.backend_test.TestFeaturedField" name="test_create_defaults_is_featured_false" time="0.528" /><testcase classname="tests.backend_test.TestFeaturedField" name="test_create_with_is_featured_true_persists" time="0.243" /><testcase classname="tests.backend_test.TestFeaturedField" name="test_put_preserves_is_featured" time="0.584" /><testcase classname="tests.test_claim_chat_v5.TestClaimOrder" name="test_claim_with_existing_account_email_rejected" time="1.489" /><testcase classname="tests.backend_test.TestFeaturedToggle" name="test_requires_auth" time="0.215" /><testcase classname="tests.backend_test.TestFeaturedToggle" name="test_forbidden_for_customer" time="0.269" /><testcase classname="tests.backend_test.TestFeaturedToggle" name="test_404_for_nonexistent" time="0.098" /><testcase classname="tests.backend_test.TestFeaturedToggle" name="test_toggle_persists" time="0.672" /><testcase classname="tests.test_claim_chat_v5.TestClaimOrder" name="test_short_password_rejected" time="1.247" /><testcase classname="tests.backend_test.TestCouponCheckout" name="test_checkout_applies_discount_server_side_and_stores_on_session" time="0.000"><skipped type="pytest.skip" message="Local coupon engine removed in iteration 14 — SellAuth owns coupons now">/app/backend/tests/backend_test.py:1136: Local coupon engine removed in iteration 14 — SellAuth owns coupons now</skipped></testcase><testcase classname="tests.backend_test.TestCouponCheckout" name="test_checkout_invalid_coupon_400_no_orphan_session" time="0.000"><skipped type="pytest.skip" message="Local coupon engine removed in iteration 14 — SellAuth owns coupons now">/app/backend/tests/backend_test.py:1162: Local coupon engine removed in iteration 14 — SellAuth owns coupons now</skipped></testcase><testcase classname="tests.backend_test.TestCouponCheckout" name="test_event_pass_bundle_rule_precedes_coupon_error" time="0.000"><skipped type="pytest.skip" message="Local coupon engine removed in iteration 14 — SellAuth owns coupons now">/app/backend/tests/backend_test.py:1175: Local coupon engine removed in iteration 14 — SellAuth owns coupons now</skipped></testcase><testcase classname="tests.backend_test.TestCouponCheckout" name="test_webhook_promotes_session_with_coupon_and_increments_used_count" time="0.000"><skipped type="pytest.skip" message="Local coupon engine removed in iteration 14 — SellAuth owns coupons now">/app/backend/tests/backend_test.py:1193: Local coupon engine removed in iteration 14 — SellAuth owns coupons now</skipped></testcase><testcase classname="tests.test_product_update_v4.TestIncludeInactiveGating" name="test_anonymous_403" time="0.135" /><testcase classname="tests.test_product_update_v4.TestIncludeInactiveGating" name="test_customer_403" time="0.524" /><testcase classname="tests.test_claim_chat_v5.TestClaimOrder" name="test_unknown_order_404" time="0.103" /><testcase classname="tests.test_product_update_v4.TestIncludeInactiveGating" name="test_admin_gets_superset" time="0.897" /><testcase classname="tests.test_claim_chat_v5.TestClaimOrder" name="test_claim_ignores_client_supplied_email" time="1.376" /><testcase classname="tests.test_product_update_v4.TestIncludeInactiveGating" name="test_public_list_unaffected_without_param" time="0.091" /><testcase classname="tests.backend_test.TestCheckoutValidation" name="test_guest_missing_email_400" time="0.200" /><testcase classname="tests.backend_test.TestCheckoutValidation" name="test_guest_event_pass_only_400_no_session_no_order" time="0.192" /><testcase classname="tests.backend_test.TestCheckoutValidation" name="test_registered_event_pass_only_400" time="0.200" /><testcase classname="tests.backend_test.TestWaitlist" name="test_waitlist_public_upsert" time="0.396" /><testcase classname="tests.backend_test.TestMedalsCartLogic" name="test_medals_only_does_not_unlock_event_pass" time="0.680"><failure message="assert 200 == 400&#10; +  where 200 = &lt;Response [200]&gt;.status_code">E   assert 200 == 400
     +  where 200 = &lt;Response [200]&gt;.status_code</failure></testcase><testcase classname="tests.backend_test.TestWaitlist" name="test_admin_waitlist_requires_admin" time="0.219" /><testcase classname="tests.backend_test.TestWaitlist" name="test_admin_waitlist_lists" time="0.098" /><testcase classname="tests.backend_test.TestCouponExclusions" name="test_category_exclusion_all_excluded_400" time="0.000"><skipped type="pytest.skip" message="Local coupon engine removed in iteration 14 — SellAuth owns coupons now">/app/backend/tests/backend_test.py:1045: Local coupon engine removed in iteration 14 — SellAuth owns coupons now</skipped></testcase><testcase classname="tests.backend_test.TestCouponExclusions" name="test_category_exclusion_mixed_cart_discounts_only_eligible" time="0.000"><skipped type="pytest.skip" message="Local coupon engine removed in iteration 14 — SellAuth owns coupons now">/app/backend/tests/backend_test.py:1062: Local coupon engine removed in iteration 14 — SellAuth owns coupons now</skipped></testcase><testcase classname="tests.backend_test.TestCouponExclusions" name="test_product_id_exclusion" time="0.000"><skipped type="pytest.skip" message="Local coupon engine removed in iteration 14 — SellAuth owns coupons now">/app/backend/tests/backend_test.py:1091: Local coupon engine removed in iteration 14 — SellAuth owns coupons now</skipped></testcase><testcase classname="tests.test_claim_chat_v5.TestPaymentSuccessData" name="test_session_lookup_returns_order_id" time="1.117" /><testcase classname="tests.backend_test.TestMedalsCartLogic" name="test_medals_only_passes_validation" time="0.586" /><testcase classname="tests.backend_test.TestMedalsCartLogic" name="test_medals_plus_bundle_passes_validation" time="0.667" /><testcase classname="tests.test_claim_chat_v5.TestPaymentSuccessData" name="test_anonymous_can_read_unclaimed_order_and_email" time="1.224" /><testcase classname="tests.test_claim_chat_v5.TestOrderChat" name="test_guest_post_and_admin_reply" time="37.432" /><testcase classname="tests.test_claim_chat_v5.TestPaymentSuccessData" name="test_unknown_session_404" time="35.781" /><testcase classname="tests.backend_test.TestNoStripe" name="test_stripe_routes_gone" time="47.105" /><testcase classname="tests.test_claim_chat_v5.TestOrderChat" name="test_empty_body_rejected" time="1.036" /><testcase classname="tests.test_claim_chat_v5.TestOrderChat" name="test_messages_unknown_order_404" time="36.024" /><testcase classname="tests.backend_test.TestProducts" name="test_list_products_no_stripe_price" time="0.117" /><testcase classname="tests.backend_test.TestProducts" name="test_admin_crud" time="0.385" /><testcase classname="tests.backend_test.TestTTLIndex" name="test_expires_at_ttl_index" time="0.001" /><testcase classname="tests.backend_test.TestTTLIndex" name="test_webhook_events_unique_index" time="0.001" /><testcase classname="tests.backend_test.TestTracking" name="test_public_get_guest_order" time="0.433" /><testcase classname="tests.backend_test.TestTracking" name="test_public_get_messages" time="0.105" /><testcase classname="tests.backend_test.TestAdminProtection" name="test_admin_orders_requires_admin" time="0.185" /><testcase classname="tests.backend_test.TestAdminProtection" name="test_admin_can_list_orders" time="0.106" /><testcase classname="tests.backend_test.TestStardustCart" name="test_stardust_only_passes_validation" time="0.559" /><testcase classname="tests.backend_test.TestStardustCart" name="test_stardust_does_not_unlock_event_pass" time="0.660"><failure message="assert 200 == 400&#10; +  where 200 = &lt;Response [200]&gt;.status_code">E   assert 200 == 400
     +  where 200 = &lt;Response [200]&gt;.status_code</failure></testcase><testcase classname="tests.backend_test.TestAnalytics" name="test_analytics_requires_admin" time="0.190" /><testcase classname="tests.backend_test.TestAnalytics" name="test_analytics_admin_shape" time="0.193" /><testcase classname="tests.backend_test.TestStardustVisibility" name="test_stardust_products_active_and_not_coming_soon" time="0.098" /><testcase classname="tests.backend_test.TestStardustVisibility" name="test_all_category_keys_are_lowercase_snake_case" time="0.094" /><testcase classname="tests.test_claim_chat_v5.TestAdminReplyNotifications" name="test_admin_reply_notifies_account_holder" time="2.045" /><testcase classname="tests.test_claim_chat_v5.TestAdminReplyNotifications" name="test_notifications_require_auth" time="0.096" /><testcase classname="tests.backend_test.TestCheckoutLive" name="test_guest_checkout_returns_url_no_order" time="0.709" /><testcase classname="tests.backend_test" name="test_zz_restore_admin_password" time="0.547" /><testcase classname="tests.test_claim_chat_v5.TestCustomerOrdersList" name="test_orders_requires_auth_and_scoped" time="2.686" /><testcase classname="tests.backend_test.TestNoStripe" name="test_no_stripe_in_source" time="0.003" /><testcase classname="tests.backend_test.TestAuth" name="test_root" time="0.100" /><testcase classname="tests.backend_test.TestAuth" name="test_me_returns_user" time="0.146" /></testsuite></testsuites>