<?xml version="1.0" encoding="utf-8"?><testsuites name="pytest tests"><testsuite name="pytest" errors="0" failures="0" skipped="0" tests="25" time="9.118" timestamp="2026-08-23T05:53:12.134248+00:00" hostname="agent-env-2b6473bc-e08a-49fb-9b37-8dd7d5df58e5"><testcase classname="tests.test_coming_soon_v3.TestProductListing" name="test_public_list_returns_active_only_and_includes_coming_soon" time="0.532" /><testcase classname="tests.test_coming_soon_v3.TestProductListing" name="test_include_inactive_requires_nothing_but_returns_superset" time="0.091" /><testcase classname="tests.test_coming_soon_v3.TestProductListing" name="test_sorted_by_price_ascending" time="0.148" /><testcase classname="tests.test_coming_soon_v3.TestVisibilityToggles" name="test_coming_soon_product_stays_in_public_list" time="0.291" /><testcase classname="tests.test_coming_soon_v3.TestVisibilityToggles" name="test_inactive_product_hidden_publicly_but_visible_with_include_inactive" time="0.385" /><testcase classname="tests.test_coming_soon_v3.TestVisibilityToggles" name="test_featured_coming_soon_persists" time="0.344" /><testcase classname="tests.test_coming_soon_v3.TestVisibilityToggles" name="test_toggle_featured_endpoint" time="0.196" /><testcase classname="tests.test_coming_soon_v3.TestVisibilityToggles" name="test_update_requires_admin" time="0.091" /><testcase classname="tests.test_coming_soon_v3.TestFeaturedPreservedOnUpdate" name="test_put_without_is_featured_keeps_star" time="0.200" /><testcase classname="tests.test_coming_soon_v3.TestCheckoutComingSoonGuard" name="test_coming_soon_product_rejected" time="0.101" /><testcase classname="tests.test_coming_soon_v3.TestCheckoutComingSoonGuard" name="test_coming_soon_mixed_with_valid_product_rejected" time="0.094" /><testcase classname="tests.test_coming_soon_v3.TestCheckoutComingSoonGuard" name="test_newly_flagged_coming_soon_product_rejected" time="0.290" /><testcase classname="tests.test_coming_soon_v3.TestCheckoutComingSoonGuard" name="test_inactive_product_rejected" time="0.299" /><testcase classname="tests.test_coming_soon_v3.TestWaitlist" name="test_join_waitlist_for_coming_soon_product" time="0.212" /><testcase classname="tests.test_auth_playbook_v2.TestPasswordHashing" name="test_admin_hash_is_bcrypt_2b" time="0.002" /><testcase classname="tests.test_auth_playbook_v2.TestPasswordHashing" name="test_new_user_hash_is_bcrypt_and_not_plaintext" time="0.318" /><testcase classname="tests.test_auth_playbook_v2.TestCookies" name="test_login_sets_httponly_cookies" time="0.316" /><testcase classname="tests.test_auth_playbook_v2.TestCookies" name="test_cookie_auth_works_without_bearer" time="0.443" /><testcase classname="tests.test_auth_playbook_v2.TestCookies" name="test_logout_clears_cookies" time="0.434" /><testcase classname="tests.test_auth_playbook_v2.TestCors" name="test_app_preflight_allows_credentials_with_reflected_origin" time="0.002" /><testcase classname="tests.test_auth_playbook_v2.TestCors" name="test_arbitrary_origin_is_reflected_security_note" time="0.002" /><testcase classname="tests.test_auth_playbook_v2.TestBruteForceLockout" name="test_lockout_after_five_failures" time="2.204" /><testcase classname="tests.test_auth_playbook_v2.TestBruteForceLockout" name="test_successful_login_resets_counter" time="1.640" /><testcase classname="tests.test_auth_playbook_v2.TestSeedAdminIdempotent" name="test_only_one_admin_doc" time="0.001" /><testcase classname="tests.test_auth_playbook_v2.TestSeedAdminIdempotent" name="test_admin_login_works" time="0.323" /></testsuite></testsuites>