<?xml version="1.0" encoding="utf-8"?><testsuites name="pytest tests"><testsuite name="pytest" errors="0" failures="0" skipped="23" tests="164" time="85.279" timestamp="2026-08-23T05:54:24.814827+00:00" hostname="agent-env-2b6473bc-e08a-49fb-9b37-8dd7d5df58e5"><testcase classname="tests.backend_test.TestCouponValidation" name="test_validate_public_no_auth" time="0.000"><skipped type="pytest.skip" message="Local coupon engine removed in iteration 14 — SellAuth owns coupons now">/app/backend/tests/backend_test.py:949: Local coupon engine removed in iteration 14 — SellAuth owns coupons now</skipped></testcase><testcase classname="tests.backend_test.TestCouponAdminCrud" name="test_list_requires_admin" time="0.000"><skipped type="pytest.skip" message="Local coupon engine removed in iteration 14 — SellAuth owns coupons now">/app/backend/tests/backend_test.py:853: Local coupon engine removed in iteration 14 — SellAuth owns coupons now</skipped></testcase><testcase classname="tests.backend_test.TestCouponAdminCrud" name="test_create_requires_admin" time="0.000"><skipped type="pytest.skip" message="Local coupon engine removed in iteration 14 — SellAuth owns coupons now">/app/backend/tests/backend_test.py:858: Local coupon engine removed in iteration 14 — SellAuth owns coupons now</skipped></testcase><testcase classname="tests.backend_test.TestCouponAdminCrud" name="test_create_and_uppercase_code" time="0.000"><skipped type="pytest.skip" message="Local coupon engine removed in iteration 14 — SellAuth owns coupons now">/app/backend/tests/backend_test.py:864: Local coupon engine removed in iteration 14 — SellAuth owns coupons now</skipped></testcase><testcase classname="tests.backend_test.TestCouponAdminCrud" name="test_duplicate_code_returns_400" time="0.000"><skipped type="pytest.skip" message="Local coupon engine removed in iteration 14 — SellAuth owns coupons now">/app/backend/tests/backend_test.py:880: Local coupon engine removed in iteration 14 — SellAuth owns coupons now</skipped></testcase><testcase classname="tests.backend_test.TestCouponAdminCrud" name="test_percent_out_of_range_422" time="0.000"><skipped type="pytest.skip" message="Local coupon engine removed in iteration 14 — SellAuth owns coupons now">/app/backend/tests/backend_test.py:892: Local coupon engine removed in iteration 14 — SellAuth owns coupons now</skipped></testcase><testcase classname="tests.backend_test.TestCouponValidation" name="test_case_insensitive_code" time="0.000"><skipped type="pytest.skip" message="Local coupon engine removed in iteration 14 — SellAuth owns coupons now">/app/backend/tests/backend_test.py:964: Local coupon engine removed in iteration 14 — SellAuth owns coupons now</skipped></testcase><testcase classname="tests.backend_test.TestCouponValidation" name="test_unknown_code_400" time="0.000"><skipped type="pytest.skip" message="Local coupon engine removed in iteration 14 — SellAuth owns coupons now">/app/backend/tests/backend_test.py:972: Local coupon engine removed in iteration 14 — SellAuth owns coupons now</skipped></testcase><testcase classname="tests.backend_test.TestCouponValidation" name="test_inactive_coupon_400" time="0.000"><skipped type="pytest.skip" message="Local coupon engine removed in iteration 14 — SellAuth owns coupons now">/app/backend/tests/backend_test.py:981: Local coupon engine removed in iteration 14 — SellAuth owns coupons now</skipped></testcase><testcase classname="tests.backend_test.TestCouponValidation" name="test_expired_coupon_400" time="0.000"><skipped type="pytest.skip" message="Local coupon engine removed in iteration 14 — SellAuth owns coupons now">/app/backend/tests/backend_test.py:995: Local coupon engine removed in iteration 14 — SellAuth owns coupons now</skipped></testcase><testcase classname="tests.backend_test.TestCouponValidation" name="test_usage_limit_400" time="0.000"><skipped type="pytest.skip" message="Local coupon engine removed in iteration 14 — SellAuth owns coupons now">/app/backend/tests/backend_test.py:1013: Local coupon engine removed in iteration 14 — SellAuth owns coupons now</skipped></testcase><testcase classname="tests.backend_test.TestCouponAdminCrud" name="test_unknown_category_400" time="0.000"><skipped type="pytest.skip" message="Local coupon engine removed in iteration 14 — SellAuth owns coupons now">/app/backend/tests/backend_test.py:900: Local coupon engine removed in iteration 14 — SellAuth owns coupons now</skipped></testcase><testcase classname="tests.backend_test.TestCouponAdminCrud" name="test_optional_fields_accepted" time="0.000"><skipped type="pytest.skip" message="Local coupon engine removed in iteration 14 — SellAuth owns coupons now">/app/backend/tests/backend_test.py:909: Local coupon engine removed in iteration 14 — SellAuth owns coupons now</skipped></testcase><testcase classname="tests.backend_test.TestCouponAdminCrud" name="test_put_updates_all_fields" time="0.000"><skipped type="pytest.skip" message="Local coupon engine removed in iteration 14 — SellAuth owns coupons now">/app/backend/tests/backend_test.py:917: Local coupon engine removed in iteration 14 — SellAuth owns coupons now</skipped></testcase><testcase classname="tests.backend_test.TestCouponValidation" name="test_min_subtotal_400" time="0.000"><skipped type="pytest.skip" message="Local coupon engine removed in iteration 14 — SellAuth owns coupons now">/app/backend/tests/backend_test.py:1029: Local coupon engine removed in iteration 14 — SellAuth owns coupons now</skipped></testcase><testcase classname="tests.backend_test.TestCouponAdminCrud" name="test_delete_bogus_id_404" time="0.000"><skipped type="pytest.skip" message="Local coupon engine removed in iteration 14 — SellAuth owns coupons now">/app/backend/tests/backend_test.py:931: Local coupon engine removed in iteration 14 — SellAuth owns coupons now</skipped></testcase><testcase classname="tests.backend_test.TestWebhook" name="test_webhook_bad_signature_401" time="0.003" /><testcase classname="tests.backend_test.TestWebhook" name="test_webhook_missing_signature_401" time="0.002" /><testcase classname="tests.backend_test.TestWebhook" name="test_webhook_unknown_session_matched_false" time="0.004" /><testcase classname="tests.backend_test.TestWebhook" name="test_webhook_unpaid_status_creates_no_order" time="0.580" /><testcase classname="tests.test_sellauth_launch_v6.TestCartRules" name="test_pass_alone_rejected" time="0.229" /><testcase classname="tests.test_sellauth_launch_v6.TestCartRules" name="test_two_distinct_passes_with_coins_rejected" time="0.094" /><testcase classname="tests.test_sellauth_launch_v6.TestCartRules" name="test_pass_quantity_two_rejected" time="0.090" /><testcase classname="tests.test_sellauth_launch_v6.TestCartRules" name="test_pass_plus_stardust_allowed" time="0.494" /><testcase classname="tests.backend_test.TestWebhook" name="test_webhook_paid_promotes_session_to_order_and_idempotent" time="0.668" /><testcase classname="tests.test_sellauth_launch_v6.TestCartRules" name="test_pass_plus_medal_allowed" time="0.471" /><testcase classname="tests.backend_test.TestWebhook" name="test_checkout_session_status_returns_order_id" time="0.098" /><testcase classname="tests.test_sellauth_launch_v6.TestCartRules" name="test_coming_soon_product_blocked" time="0.294" /><testcase classname="tests.test_sellauth_launch_v6.TestCartRules" name="test_empty_cart_rejected" time="0.096" /><testcase classname="tests.test_product_update_v4.TestPartialUpdate" name="test_partial_coming_soon_only_preserves_all_other_fields" time="0.723" /><testcase classname="tests.test_sellauth_launch_v6.TestCouponPassthrough" name="test_coupon_code_accepted_and_session_created" time="0.435" /><testcase classname="tests.test_product_update_v4.TestPartialUpdate" name="test_full_form_save_roundtrips_star" time="0.185" /><testcase classname="tests.test_sellauth_launch_v6.TestCouponPassthrough" name="test_coupon_endpoints_removed[/coupons/validate-POST]" time="0.134" /><testcase classname="tests.test_product_update_v4.TestPartialUpdate" name="test_empty_body_is_noop" time="0.090" /><testcase classname="tests.test_sellauth_launch_v6.TestCouponPassthrough" name="test_coupon_endpoints_removed[/coupons/validate-GET]" time="0.096" /><testcase classname="tests.test_product_update_v4.TestPartialUpdate" name="test_invalid_category_400" time="0.231" /><testcase classname="tests.test_sellauth_launch_v6.TestCouponPassthrough" name="test_coupon_endpoints_removed[/admin/coupons-GET]" time="0.092" /><testcase classname="tests.test_sellauth_launch_v6.TestCouponPassthrough" name="test_coupon_endpoints_removed[/admin/coupons-POST]" time="0.104" /><testcase classname="tests.test_product_update_v4.TestPartialUpdate" name="test_unknown_id_404" time="0.096" /><testcase classname="tests.test_sellauth_launch_v6.TestCouponPassthrough" name="test_coupon_endpoints_removed[/admin/coupons/anything-DELETE]" time="0.548" /><testcase classname="tests.test_product_update_v4.TestPartialUpdate" name="test_non_admin_cannot_update" time="0.820" /><testcase classname="tests.backend_test.TestPasswordChange" name="test_change_password_requires_auth" time="0.089" /><testcase classname="tests.backend_test.TestPasswordChange" name="test_change_password_short_returns_422" time="0.582" /><testcase classname="tests.backend_test.TestPasswordChange" name="test_wrong_current_password_returns_401" time="0.307" /><testcase classname="tests.backend_test.TestRegisteredPrivacy" name="test_other_user_forbidden" time="1.376" /><testcase classname="tests.backend_test.TestPasswordChange" name="test_customer_password_change_happy_path" time="1.381" /><testcase classname="tests.backend_test.TestRegisteredPrivacy" name="test_anonymous_forbidden" time="0.467" /><testcase classname="tests.backend_test.TestRegisteredPrivacy" name="test_admin_can_read" time="0.836" /><testcase classname="tests.backend_test.TestRegisteredPrivacy" name="test_customer_cannot_reveal_creds" time="0.314" /><testcase classname="tests.backend_test.TestPasswordChange" name="test_reusing_same_password_returns_400" time="0.310" /><testcase classname="tests.backend_test.TestVisitorTracking" name="test_track_public_no_auth" time="0.096" /><testcase classname="tests.backend_test.TestRegisteredPrivacy" name="test_admin_status_transitions_notify_customer" time="0.725" /><testcase classname="tests.backend_test.TestVisitorTracking" name="test_track_dedup_per_ip_per_day" time="0.396" /><testcase classname="tests.backend_test.TestVisitorTracking" name="test_visits_indexes" time="0.001" /><testcase classname="tests.backend_test.TestVisitorTracking" name="test_geolocation_united_states" time="0.193" /><testcase classname="tests.backend_test.TestVisitorTracking" name="test_geolocation_private_ip_unknown_non_fatal" time="0.092" /><testcase classname="tests.test_claim_chat_v5.TestClaimOrder" name="test_claim_creates_account_and_links_all_same_email_orders" time="3.700" /><testcase classname="tests.test_coming_soon_v3.TestVisibilityToggles" name="test_coming_soon_product_stays_in_public_list" time="0.921" /><testcase classname="tests.test_coming_soon_v3.TestVisibilityToggles" name="test_inactive_product_hidden_publicly_but_visible_with_include_inactive" time="0.571" /><testcase classname="tests.test_coming_soon_v3.TestVisibilityToggles" name="test_featured_coming_soon_persists" time="0.302" /><testcase classname="tests.test_coming_soon_v3.TestVisibilityToggles" name="test_toggle_featured_endpoint" time="0.236" /><testcase classname="tests.test_coming_soon_v3.TestVisibilityToggles" name="test_update_requires_admin" time="0.088" /><testcase classname="tests.test_sellauth_launch_v6.TestBanner" name="test_public_get" time="0.092" /><testcase classname="tests.test_sellauth_launch_v6.TestBanner" name="test_anonymous_put_rejected" time="0.256" /><testcase classname="tests.test_sellauth_launch_v6.TestBanner" name="test_javascript_link_rejected" time="0.637" /><testcase classname="tests.test_sellauth_launch_v6.TestBanner" name="test_admin_update_and_persist" time="0.851" /><testcase classname="tests.test_claim_chat_v5.TestClaimOrder" name="test_claim_with_existing_account_email_rejected" time="1.423" /><testcase classname="tests.test_sellauth_launch_v6.TestBanner" name="test_absolute_https_link_allowed" time="0.336" /><testcase classname="tests.backend_test.TestMedalsCategory" name="test_seeded_medals_present_with_msrp" time="0.117" /><testcase classname="tests.backend_test.TestMedalsCategory" name="test_admin_can_create_medals_product" time="0.213" /><testcase classname="tests.backend_test.TestMedalsCategory" name="test_non_admin_cannot_create_medals" time="0.095" /><testcase classname="tests.backend_test.TestMedalsCategory" name="test_invalid_category_400" time="0.088" /><testcase classname="tests.backend_test.TestStardustCategory" name="test_seeded_stardust_products_present" time="0.090" /><testcase classname="tests.backend_test.TestStardustCategory" name="test_admin_create_stardust_product" time="0.231" /><testcase classname="tests.test_claim_chat_v5.TestClaimOrder" name="test_short_password_rejected" time="1.088" /><testcase classname="tests.backend_test.TestStardustCategory" name="test_customer_cannot_create_stardust" time="0.105" /><testcase classname="tests.backend_test.TestStardustCategory" name="test_invalid_category_still_400" time="0.135" /><testcase classname="tests.backend_test.TestFeaturedField" name="test_is_featured_present_on_every_product" time="0.115" /><testcase classname="tests.backend_test.TestFeaturedField" name="test_create_defaults_is_featured_false" time="0.325" /><testcase classname="tests.backend_test.TestFeaturedField" name="test_create_with_is_featured_true_persists" time="0.194" /><testcase classname="tests.backend_test.TestFeaturedField" name="test_put_preserves_is_featured" time="0.484" /><testcase classname="tests.test_claim_chat_v5.TestClaimOrder" name="test_unknown_order_404" time="0.094" /><testcase classname="tests.test_claim_chat_v5.TestClaimOrder" name="test_claim_ignores_client_supplied_email" time="1.390" /><testcase classname="tests.backend_test.TestFeaturedToggle" name="test_requires_auth" time="0.242" /><testcase classname="tests.backend_test.TestFeaturedToggle" name="test_forbidden_for_customer" time="0.198" /><testcase classname="tests.backend_test.TestFeaturedToggle" name="test_404_for_nonexistent" time="0.093" /><testcase classname="tests.backend_test.TestFeaturedToggle" name="test_toggle_persists" time="0.804" /><testcase classname="tests.backend_test.TestCouponCheckout" name="test_checkout_applies_discount_server_side_and_stores_on_session" time="0.000"><skipped type="pytest.skip" message="Local coupon engine removed in iteration 14 — SellAuth owns coupons now">/app/backend/tests/backend_test.py:1139: Local coupon engine removed in iteration 14 — SellAuth owns coupons now</skipped></testcase><testcase classname="tests.backend_test.TestCouponCheckout" name="test_checkout_invalid_coupon_400_no_orphan_session" time="0.000"><skipped type="pytest.skip" message="Local coupon engine removed in iteration 14 — SellAuth owns coupons now">/app/backend/tests/backend_test.py:1165: Local coupon engine removed in iteration 14 — SellAuth owns coupons now</skipped></testcase><testcase classname="tests.backend_test.TestCouponCheckout" name="test_event_pass_bundle_rule_precedes_coupon_error" time="0.000"><skipped type="pytest.skip" message="Local coupon engine removed in iteration 14 — SellAuth owns coupons now">/app/backend/tests/backend_test.py:1178: Local coupon engine removed in iteration 14 — SellAuth owns coupons now</skipped></testcase><testcase classname="tests.backend_test.TestCouponCheckout" name="test_webhook_promotes_session_with_coupon_and_increments_used_count" time="0.000"><skipped type="pytest.skip" message="Local coupon engine removed in iteration 14 — SellAuth owns coupons now">/app/backend/tests/backend_test.py:1196: Local coupon engine removed in iteration 14 — SellAuth owns coupons now</skipped></testcase><testcase classname="tests.test_product_update_v4.TestIncludeInactiveGating" name="test_anonymous_403" time="0.131" /><testcase classname="tests.test_product_update_v4.TestIncludeInactiveGating" name="test_customer_403" time="0.568" /><testcase classname="tests.test_coming_soon_v3.TestCheckoutComingSoonGuard" name="test_coming_soon_product_rejected" time="0.922" /><testcase classname="tests.test_coming_soon_v3.TestCheckoutComingSoonGuard" name="test_coming_soon_mixed_with_valid_product_rejected" time="0.103" /><testcase classname="tests.test_product_update_v4.TestIncludeInactiveGating" name="test_admin_gets_superset" time="0.796" /><testcase classname="tests.test_coming_soon_v3.TestCheckoutComingSoonGuard" name="test_newly_flagged_coming_soon_product_rejected" time="0.273" /><testcase classname="tests.test_coming_soon_v3.TestCheckoutComingSoonGuard" name="test_inactive_product_rejected" time="0.284" /><testcase classname="tests.test_product_update_v4.TestIncludeInactiveGating" name="test_public_list_unaffected_without_param" time="0.097" /><testcase classname="tests.test_sellauth_launch_v6.TestCatalogMapping" name="test_every_available_product_has_sellauth_ids" time="0.091" /><testcase classname="tests.test_sellauth_launch_v6.TestCatalogMapping" name="test_only_the_two_shundo_items_are_coming_soon" time="0.000" /><testcase classname="tests.test_sellauth_launch_v6.TestCatalogMapping" name="test_no_mongo_object_id_leak" time="0.000" /><testcase classname="tests.test_sellauth_launch_v6.TestCatalogMapping" name="test_sellauth_synced_prices" time="0.001" /><testcase classname="tests.backend_test.TestCheckoutValidation" name="test_guest_missing_email_400" time="0.232" /><testcase classname="tests.test_sellauth_launch_v6.TestRegression" name="test_admin_orders_requires_admin" time="0.092" /><testcase classname="tests.backend_test.TestCheckoutValidation" name="test_guest_event_pass_only_400_no_session_no_order" time="0.364" /><testcase classname="tests.test_sellauth_launch_v6.TestRegression" name="test_admin_orders_and_analytics" time="0.567" /><testcase classname="tests.backend_test.TestCheckoutValidation" name="test_registered_event_pass_only_400" time="0.397" /><testcase classname="tests.test_sellauth_launch_v6.TestRegression" name="test_waitlist" time="0.327" /><testcase classname="tests.backend_test.TestMedalsCartLogic" name="test_medals_unlock_event_pass" time="0.669" /><testcase classname="tests.test_sellauth_launch_v6.TestRegression" name="test_paid_session_poll_and_order" time="2.176" /><testcase classname="tests.backend_test.TestMedalsCartLogic" name="test_medals_only_passes_validation" time="0.554" /><testcase classname="tests.backend_test.TestMedalsCartLogic" name="test_medals_plus_bundle_passes_validation" time="0.660" /><testcase classname="tests.backend_test.TestCouponExclusions" name="test_category_exclusion_all_excluded_400" time="0.000"><skipped type="pytest.skip" message="Local coupon engine removed in iteration 14 — SellAuth owns coupons now">/app/backend/tests/backend_test.py:1048: Local coupon engine removed in iteration 14 — SellAuth owns coupons now</skipped></testcase><testcase classname="tests.backend_test.TestCouponExclusions" name="test_category_exclusion_mixed_cart_discounts_only_eligible" time="0.000"><skipped type="pytest.skip" message="Local coupon engine removed in iteration 14 — SellAuth owns coupons now">/app/backend/tests/backend_test.py:1065: Local coupon engine removed in iteration 14 — SellAuth owns coupons now</skipped></testcase><testcase classname="tests.backend_test.TestCouponExclusions" name="test_product_id_exclusion" time="0.000"><skipped type="pytest.skip" message="Local coupon engine removed in iteration 14 — SellAuth owns coupons now">/app/backend/tests/backend_test.py:1094: Local coupon engine removed in iteration 14 — SellAuth owns coupons now</skipped></testcase><testcase classname="tests.test_auth_playbook_v2.TestCookies" name="test_login_sets_httponly_cookies" time="0.357" /><testcase classname="tests.test_auth_playbook_v2.TestCookies" name="test_cookie_auth_works_without_bearer" time="0.356" /><testcase classname="tests.backend_test.TestWaitlist" name="test_waitlist_public_upsert" time="0.436" /><testcase classname="tests.test_auth_playbook_v2.TestCookies" name="test_logout_clears_cookies" time="0.444" /><testcase classname="tests.backend_test.TestWaitlist" name="test_admin_waitlist_requires_admin" time="0.372" /><testcase classname="tests.test_claim_chat_v5.TestPaymentSuccessData" name="test_session_lookup_returns_order_id" time="37.675" /><testcase classname="tests.backend_test.TestWaitlist" name="test_admin_waitlist_lists" time="0.100" /><testcase classname="tests.test_claim_chat_v5.TestOrderChat" name="test_guest_post_and_admin_reply" time="38.319" /><testcase classname="tests.test_claim_chat_v5.TestPaymentSuccessData" name="test_anonymous_can_read_unclaimed_order_and_email" time="1.223" /><testcase classname="tests.test_claim_chat_v5.TestOrderChat" name="test_empty_body_rejected" time="1.203" /><testcase classname="tests.test_claim_chat_v5.TestPaymentSuccessData" name="test_unknown_session_404" time="0.159" /><testcase classname="tests.test_coming_soon_v3.TestProductListing" name="test_public_list_returns_active_only_and_includes_coming_soon" time="0.504" /><testcase classname="tests.test_coming_soon_v3.TestProductListing" name="test_include_inactive_requires_nothing_but_returns_superset" time="0.109" /><testcase classname="tests.test_claim_chat_v5.TestOrderChat" name="test_messages_unknown_order_404" time="0.094" /><testcase classname="tests.test_coming_soon_v3.TestProductListing" name="test_sorted_by_price_ascending" time="0.103" /><testcase classname="tests.backend_test.TestNoStripe" name="test_stripe_routes_gone" time="0.206" /><testcase classname="tests.backend_test.TestAuth" name="test_root" time="0.126" /><testcase classname="tests.backend_test.TestAuth" name="test_me_returns_user" time="0.091" /><testcase classname="tests.backend_test.TestNoStripe" name="test_no_stripe_in_source" time="0.001" /><testcase classname="tests.backend_test.TestProducts" name="test_list_products_no_stripe_price" time="0.098" /><testcase classname="tests.backend_test.TestTTLIndex" name="test_expires_at_ttl_index" time="0.001" /><testcase classname="tests.backend_test.TestTTLIndex" name="test_webhook_events_unique_index" time="0.001" /><testcase classname="tests.backend_test.TestAdminProtection" name="test_admin_orders_requires_admin" time="0.178" /><testcase classname="tests.backend_test.TestProducts" name="test_admin_crud" time="11.570" /><testcase classname="tests.backend_test.TestAdminProtection" name="test_admin_can_list_orders" time="11.319" /><testcase classname="tests.backend_test.TestStardustCart" name="test_stardust_only_passes_validation" time="1.913" /><testcase classname="tests.backend_test.TestTracking" name="test_public_get_guest_order" time="0.448" /><testcase classname="tests.backend_test.TestTracking" name="test_public_get_messages" time="0.089" /><testcase classname="tests.backend_test.TestStardustVisibility" name="test_stardust_products_active_and_not_coming_soon" time="0.106" /><testcase classname="tests.backend_test.TestStardustVisibility" name="test_all_category_keys_are_lowercase_snake_case" time="0.094" /><testcase classname="tests.test_auth_playbook_v2.TestPasswordHashing" name="test_admin_hash_is_bcrypt_2b" time="0.002" /><testcase classname="tests.test_auth_playbook_v2.TestPasswordHashing" name="test_new_user_hash_is_bcrypt_and_not_plaintext" time="0.325" /><testcase classname="tests.test_auth_playbook_v2.TestCors" name="test_app_preflight_allows_credentials_with_reflected_origin" time="0.031" /><testcase classname="tests.test_auth_playbook_v2.TestCors" name="test_arbitrary_origin_is_reflected_security_note" time="0.001" /><testcase classname="tests.test_auth_playbook_v2.TestBruteForceLockout" name="test_lockout_after_five_failures" time="2.102" /><testcase classname="tests.backend_test.TestStardustCart" name="test_stardust_unlocks_event_pass" time="6.165" /><testcase classname="tests.test_auth_playbook_v2.TestBruteForceLockout" name="test_successful_login_resets_counter" time="1.617" /><testcase classname="tests.test_auth_playbook_v2.TestSeedAdminIdempotent" name="test_only_one_admin_doc" time="0.001" /><testcase classname="tests.test_auth_playbook_v2.TestSeedAdminIdempotent" name="test_admin_login_works" time="0.325" /><testcase classname="tests.test_claim_chat_v5.TestAdminReplyNotifications" name="test_admin_reply_notifies_account_holder" time="2.026" /><testcase classname="tests.test_claim_chat_v5.TestAdminReplyNotifications" name="test_notifications_require_auth" time="0.087" /><testcase classname="tests.backend_test.TestCheckoutLive" name="test_guest_checkout_returns_url_no_order" time="0.598" /><testcase classname="tests.backend_test" name="test_zz_restore_admin_password" time="0.624" /><testcase classname="tests.backend_test.TestAnalytics" name="test_analytics_requires_admin" time="0.207" /><testcase classname="tests.backend_test.TestAnalytics" name="test_analytics_admin_shape" time="0.396" /><testcase classname="tests.test_claim_chat_v5.TestCustomerOrdersList" name="test_orders_requires_auth_and_scoped" time="2.947" /><testcase classname="tests.test_coming_soon_v3.TestWaitlist" name="test_join_waitlist_for_coming_soon_product" time="0.835" /><testcase classname="tests.test_coming_soon_v3.TestFeaturedPreservedOnUpdate" name="test_put_without_is_featured_keeps_star" time="0.666" /></testsuite></testsuites>