<?xml version="1.0" encoding="utf-8"?><testsuites name="pytest tests"><testsuite name="pytest" errors="0" failures="2" skipped="0" tests="11" time="9.719" timestamp="2026-08-19T14:32:28.209886+00:00" hostname="agent-env-2b6473bc-e08a-49fb-9b37-8dd7d5df58e5"><testcase classname="tests.test_auth_playbook_v2.TestCookies" name="test_login_sets_httponly_cookies" time="0.746" /><testcase classname="tests.test_auth_playbook_v2.TestPasswordHashing" name="test_admin_hash_is_bcrypt_2b" time="0.002" /><testcase classname="tests.test_auth_playbook_v2.TestPasswordHashing" name="test_new_user_hash_is_bcrypt_and_not_plaintext" time="0.521" /><testcase classname="tests.test_auth_playbook_v2.TestCors" name="test_app_preflight_allows_credentials_with_reflected_origin" time="0.194" /><testcase classname="tests.test_auth_playbook_v2.TestCors" name="test_arbitrary_origin_is_reflected_security_note" time="0.002" /><testcase classname="tests.test_auth_playbook_v2.TestBruteForceLockout" name="test_lockout_after_five_failures" time="5.655"><failure message="AssertionError: lockout triggered on attempt 11; per-IP key is diluted by the ingress proxy IPs (use X-Forwarded-For or key on email only)&#10;assert 11 == 6">E   AssertionError: lockout triggered on attempt 11; per-IP key is diluted by the ingress proxy IPs (use X-Forwarded-For or key on email only)
    assert 11 == 6</failure></testcase><testcase classname="tests.test_auth_playbook_v2.TestCookies" name="test_cookie_auth_works_without_bearer" time="0.827" /><testcase classname="tests.test_auth_playbook_v2.TestCookies" name="test_logout_clears_cookies" time="0.745" /><testcase classname="tests.test_auth_playbook_v2.TestBruteForceLockout" name="test_successful_login_resets_counter" time="1.786"><failure message="AssertionError: assert 1 == 0&#10; +  where 1 = count_documents({'identifier': {'$regex': 'testqa_reset_f5276c@example.com'}})&#10; +    where count_documents = Collection(Database(MongoClient(host=['localhost:27017'], document_class=dict, tz_aware=False, connect=True), 'test_database'), 'login_attempts').count_documents&#10; +      where Collection(Database(MongoClient(host=['localhost:27017'], document_class=dict, tz_aware=False, connect=True), 'test_database'), 'login_attempts') = Database(MongoClient(host=['localhost:27017'], document_class=dict, tz_aware=False, connect=True), 'test_database').login_attempts">E   AssertionError: assert 1 == 0
     +  where 1 = count_documents({'identifier': {'$regex': 'testqa_reset_f5276c@example.com'}})
     +    where count_documents = Collection(Database(MongoClient(host=['localhost:27017'], document_class=dict, tz_aware=False, connect=True), 'test_database'), 'login_attempts').count_documents
     +      where Collection(Database(MongoClient(host=['localhost:27017'], document_class=dict, tz_aware=False, connect=True), 'test_database'), 'login_attempts') = Database(MongoClient(host=['localhost:27017'], document_class=dict, tz_aware=False, connect=True), 'test_database').login_attempts</failure></testcase><testcase classname="tests.test_auth_playbook_v2.TestSeedAdminIdempotent" name="test_only_one_admin_doc" time="0.003" /><testcase classname="tests.test_auth_playbook_v2.TestSeedAdminIdempotent" name="test_admin_login_works" time="0.376" /></testsuite></testsuites>