<?xml version="1.0" encoding="utf-8"?><testsuites name="pytest tests"><testsuite name="pytest" errors="0" failures="2" skipped="0" tests="36" time="12.178" timestamp="2026-08-27T15:07:25.493546+00:00" hostname="agent-env-2b6473bc-e08a-49fb-9b37-8dd7d5df58e5"><testcase classname="tests.test_hybrid_coupons_v7.TestProductsSellAuth" name="test_sellauth_lookup" time="1.363" /><testcase classname="tests.test_hybrid_coupons_v7.TestCouponValidation" name="test_mixed_cart_test20" time="1.233" /><testcase classname="tests.test_hybrid_coupons_v7.TestCouponValidation" name="test_event_pass_only_cart_rejected" time="0.092" /><testcase classname="tests.test_hybrid_coupons_v7.TestCouponValidation" name="test_event_pass_never_discounted_even_if_category_allowed" time="0.361" /><testcase classname="tests.test_hybrid_coupons_v7.TestProductsSellAuth" name="test_sellauth_lookup_requires_admin" time="0.167" /><testcase classname="tests.test_hybrid_coupons_v7.TestProductsSellAuth" name="test_pokelid_products" time="0.392" /><testcase classname="tests.test_hybrid_coupons_v7.TestCouponValidation" name="test_unknown_code" time="0.092" /><testcase classname="tests.test_hybrid_coupons_v7.TestCouponValidation" name="test_empty_cart" time="0.107" /><testcase classname="tests.test_hybrid_coupons_v7.TestCouponValidation" name="test_guards" time="1.150" /><testcase classname="tests.test_hybrid_coupons_v7.TestProductsSellAuth" name="test_product_crud_with_sellauth_autofill" time="1.595" /><testcase classname="tests.test_hybrid_coupons_v7.TestCouponValidation" name="test_max_uses_and_one_per_customer" time="1.193" /><testcase classname="tests.test_hybrid_coupons_v7.TestProductsSellAuth" name="test_create_product_invalid_category" time="0.089" /><testcase classname="tests.test_hybrid_coupons_v7.TestCategories" name="test_public_list_order" time="0.093" /><testcase classname="tests.test_hybrid_coupons_v7.TestCategories" name="test_admin_guard" time="0.274" /><testcase classname="tests.test_hybrid_coupons_v7.TestCategories" name="test_category_crud_and_reorder" time="1.159" /><testcase classname="tests.test_auth_playbook_v7" name="test_bcrypt_hash_format" time="0.007" /><testcase classname="tests.test_auth_playbook_v7" name="test_login_sets_httponly_cookies" time="0.430" /><testcase classname="tests.test_auth_playbook_v7" name="test_cors_allows_credentials_with_origin" time="0.146" /><testcase classname="tests.test_auth_playbook_v7" name="test_brute_force_lockout" time="1.529" /><testcase classname="tests.test_hybrid_coupons_v7.TestCategories" name="test_delete_in_use_category_blocked" time="0.308" /><testcase classname="tests.test_hybrid_coupons_v7.TestCheckout" name="test_cart_rules_still_enforced" time="0.221" /><testcase classname="tests.test_hybrid_coupons_v7.TestCheckout" name="test_checkout_with_coupon_records_discounted_total" time="1.420" /><testcase classname="tests.test_auth_playbook_v7" name="test_admin_password_matches_env_seed" time="0.381" /><testcase classname="tests.test_hybrid_coupons_v7.TestRegressions" name="test_banner" time="0.106" /><testcase classname="tests.test_hybrid_coupons_v7.TestRegressions" name="test_admin_orders_and_credentials" time="0.295" /><testcase classname="tests.test_hybrid_coupons_v7.TestCheckout" name="test_checkout_without_coupon" time="0.475" /><testcase classname="tests.test_hybrid_coupons_v7.TestRegressions" name="test_catalog_sync_diff" time="1.789" /><testcase classname="tests.test_hybrid_coupons_v7.TestCheckout" name="test_checkout_bad_coupon_rejected" time="0.096" /><testcase classname="tests.test_coupon_db_v7" name="test_checkout_session_records_discounted_total" time="1.366" /><testcase classname="tests.test_hybrid_coupons_v7.TestRegressions" name="test_waitlist" time="0.091" /><testcase classname="tests.test_hybrid_coupons_v7.TestCouponCRUD" name="test_validation_errors" time="0.166" /><testcase classname="tests.test_coupon_db_v7" name="test_checkout_without_coupon_records_zero_discount" time="0.554" /><testcase classname="tests.test_hybrid_coupons_v7.TestCouponCRUD" name="test_crud_and_duplicate" time="0.608" /><testcase classname="tests.test_coupon_db_v7" name="test_max_uses_exhausted_and_one_per_customer" time="1.211" /><testcase classname="tests.test_hybrid_coupons_v7.TestCouponUpdateValidation" name="test_put_duplicate_code_should_be_400_not_500" time="0.272"><failure message="AssertionError: expected 400 for duplicate code, got 500: Internal Server Error&#10;assert 500 == 400&#10; +  where 500 = &lt;Response [500]&gt;.status_code">E   AssertionError: expected 400 for duplicate code, got 500: Internal Server Error
    assert 500 == 400
     +  where 500 = &lt;Response [500]&gt;.status_code</failure></testcase><testcase classname="tests.test_hybrid_coupons_v7.TestCouponUpdateValidation" name="test_put_percent_coupon_without_percent_should_400" time="1.003"><failure message="AssertionError: percent coupon saved with percent_off=null (status 200) — the code becomes unusable at checkout&#10;assert 200 == 400&#10; +  where 200 = &lt;Response [200]&gt;.status_code">E   AssertionError: percent coupon saved with percent_off=null (status 200) — the code becomes unusable at checkout
    assert 200 == 400
     +  where 200 = &lt;Response [200]&gt;.status_code</failure></testcase></testsuite></testsuites>