<?xml version="1.0" encoding="utf-8"?><testsuites name="pytest tests"><testsuite name="pytest" errors="0" failures="5" skipped="0" tests="89" time="86.763" timestamp="2026-08-19T15:03:22.407488+00:00" hostname="agent-env-2b6473bc-e08a-49fb-9b37-8dd7d5df58e5"><testcase classname="tests.backend_test.TestCouponAdminCrud" name="test_list_requires_admin" time="0.768" /><testcase classname="tests.backend_test.TestCouponAdminCrud" name="test_create_requires_admin" time="0.260" /><testcase classname="tests.backend_test.TestCouponValidation" name="test_validate_public_no_auth" time="1.394" /><testcase classname="tests.backend_test.TestCouponAdminCrud" name="test_create_and_uppercase_code" time="0.760" /><testcase classname="tests.backend_test.TestCouponValidation" name="test_case_insensitive_code" time="0.584" /><testcase classname="tests.backend_test.TestCouponAdminCrud" name="test_duplicate_code_returns_400" time="0.395" /><testcase classname="tests.backend_test.TestCouponValidation" name="test_unknown_code_400" time="0.275" /><testcase classname="tests.backend_test.TestCouponAdminCrud" name="test_percent_out_of_range_422" time="0.262" /><testcase classname="tests.backend_test.TestCouponValidation" name="test_inactive_coupon_400" time="0.547" /><testcase classname="tests.backend_test.TestCouponAdminCrud" name="test_unknown_category_400" time="0.123" /><testcase classname="tests.backend_test.TestCouponAdminCrud" name="test_optional_fields_accepted" time="0.404" /><testcase classname="tests.backend_test.TestCouponValidation" name="test_expired_coupon_400" time="0.582" /><testcase classname="tests.backend_test.TestCouponAdminCrud" name="test_put_updates_all_fields" time="0.457" /><testcase classname="tests.backend_test.TestCouponValidation" name="test_usage_limit_400" time="0.544" /><testcase classname="tests.backend_test.TestCouponAdminCrud" name="test_delete_bogus_id_404" time="0.138" /><testcase classname="tests.backend_test.TestWebhook" name="test_webhook_bad_signature_401" time="0.002" /><testcase classname="tests.backend_test.TestWebhook" name="test_webhook_missing_signature_401" time="0.002" /><testcase classname="tests.backend_test.TestWebhook" name="test_webhook_unknown_session_matched_false" time="0.003" /><testcase classname="tests.backend_test.TestWebhook" name="test_webhook_unpaid_status_creates_no_order" time="0.549" /><testcase classname="tests.backend_test.TestCouponValidation" name="test_min_subtotal_400" time="0.535" /><testcase classname="tests.backend_test.TestWebhook" name="test_webhook_paid_promotes_session_to_order_and_idempotent" time="0.388" /><testcase classname="tests.backend_test.TestWebhook" name="test_checkout_session_status_returns_order_id" time="0.300" /><testcase classname="tests.backend_test.TestPasswordChange" name="test_change_password_requires_auth" time="0.375" /><testcase classname="tests.backend_test.TestPasswordChange" name="test_change_password_short_returns_422" time="0.188" /><testcase classname="tests.backend_test.TestPasswordChange" name="test_wrong_current_password_returns_401" time="0.417" /><testcase classname="tests.backend_test.TestRegisteredPrivacy" name="test_other_user_forbidden" time="1.298" /><testcase classname="tests.backend_test.TestRegisteredPrivacy" name="test_anonymous_forbidden" time="0.118" /><testcase classname="tests.backend_test.TestPasswordChange" name="test_customer_password_change_happy_path" time="1.332" /><testcase classname="tests.backend_test.TestRegisteredPrivacy" name="test_admin_can_read" time="0.514" /><testcase classname="tests.backend_test.TestRegisteredPrivacy" name="test_customer_cannot_reveal_creds" time="0.149" /><testcase classname="tests.backend_test.TestRegisteredPrivacy" name="test_admin_status_transitions_notify_customer" time="1.167" /><testcase classname="tests.backend_test.TestPasswordChange" name="test_reusing_same_password_returns_400" time="0.374" /><testcase classname="tests.backend_test.TestVisitorTracking" name="test_track_public_no_auth" time="0.139" /><testcase classname="tests.backend_test.TestVisitorTracking" name="test_track_dedup_per_ip_per_day" time="0.531" /><testcase classname="tests.backend_test.TestMedalsCategory" name="test_seeded_medals_present_with_msrp" time="0.130" /><testcase classname="tests.backend_test.TestMedalsCategory" name="test_admin_can_create_medals_product" time="0.291" /><testcase classname="tests.backend_test.TestMedalsCategory" name="test_non_admin_cannot_create_medals" time="0.120" /><testcase classname="tests.backend_test.TestVisitorTracking" name="test_visits_indexes" time="0.001" /><testcase classname="tests.backend_test.TestVisitorTracking" name="test_geolocation_united_states" time="0.254" /><testcase classname="tests.backend_test.TestMedalsCategory" name="test_invalid_category_400" time="0.153" /><testcase classname="tests.backend_test.TestStardustCategory" name="test_seeded_stardust_products_present" time="0.127" /><testcase classname="tests.backend_test.TestVisitorTracking" name="test_geolocation_private_ip_unknown_non_fatal" time="0.166" /><testcase classname="tests.backend_test.TestStardustCategory" name="test_admin_create_stardust_product" time="0.254" /><testcase classname="tests.backend_test.TestFeaturedField" name="test_is_featured_present_on_every_product" time="0.130" /><testcase classname="tests.backend_test.TestFeaturedField" name="test_create_defaults_is_featured_false" time="0.431" /><testcase classname="tests.backend_test.TestStardustCategory" name="test_customer_cannot_create_stardust" time="0.135" /><testcase classname="tests.backend_test.TestStardustCategory" name="test_invalid_category_still_400" time="0.152" /><testcase classname="tests.backend_test.TestFeaturedToggle" name="test_requires_auth" time="0.272" /><testcase classname="tests.backend_test.TestFeaturedField" name="test_create_with_is_featured_true_persists" time="0.255" /><testcase classname="tests.backend_test.TestFeaturedToggle" name="test_forbidden_for_customer" time="0.247" /><testcase classname="tests.backend_test.TestFeaturedField" name="test_put_preserves_is_featured" time="0.575" /><testcase classname="tests.backend_test.TestFeaturedToggle" name="test_404_for_nonexistent" time="0.141" /><testcase classname="tests.backend_test.TestFeaturedToggle" name="test_toggle_persists" time="0.885" /><testcase classname="tests.backend_test.TestCouponCheckout" name="test_checkout_applies_discount_server_side_and_stores_on_session" time="0.987" /><testcase classname="tests.backend_test.TestCheckoutValidation" name="test_guest_missing_email_400" time="0.314"><failure message="AssertionError: assert 2 == 3&#10; +  where 2 = count_documents({})&#10; +    where count_documents = Collection(Database(MongoClient(host=['localhost:27017'], document_class=dict, tz_aware=False, connect=True), 'test_database'), 'checkout_sessions').count_documents&#10; +      where Collection(Database(MongoClient(host=['localhost:27017'], document_class=dict, tz_aware=False, connect=True), 'test_database'), 'checkout_sessions') = Database(MongoClient(host=['localhost:27017'], document_class=dict, tz_aware=False, connect=True), 'test_database').checkout_sessions">E   AssertionError: assert 2 == 3
     +  where 2 = count_documents({})
     +    where count_documents = Collection(Database(MongoClient(host=['localhost:27017'], document_class=dict, tz_aware=False, connect=True), 'test_database'), 'checkout_sessions').count_documents
     +      where Collection(Database(MongoClient(host=['localhost:27017'], document_class=dict, tz_aware=False, connect=True), 'test_database'), 'checkout_sessions') = Database(MongoClient(host=['localhost:27017'], document_class=dict, tz_aware=False, connect=True), 'test_database').checkout_sessions</failure></testcase><testcase classname="tests.backend_test.TestCheckoutValidation" name="test_guest_event_pass_only_400_no_session_no_order" time="0.264" /><testcase classname="tests.backend_test.TestCouponCheckout" name="test_checkout_invalid_coupon_400_no_orphan_session" time="0.274" /><testcase classname="tests.backend_test.TestCheckoutValidation" name="test_registered_event_pass_only_400" time="0.269" /><testcase classname="tests.backend_test.TestCouponCheckout" name="test_event_pass_bundle_rule_precedes_coupon_error" time="68.713" /><testcase classname="tests.backend_test.TestMedalsCartLogic" name="test_medals_only_does_not_unlock_event_pass" time="68.987" /><testcase classname="tests.backend_test.TestCouponCheckout" name="test_webhook_promotes_session_with_coupon_and_increments_used_count" time="0.700" /><testcase classname="tests.backend_test.TestMedalsCartLogic" name="test_medals_only_passes_validation" time="0.679" /><testcase classname="tests.backend_test.TestWaitlist" name="test_waitlist_public_upsert" time="0.298" /><testcase classname="tests.backend_test.TestWaitlist" name="test_admin_waitlist_requires_admin" time="0.363" /><testcase classname="tests.backend_test.TestMedalsCartLogic" name="test_medals_plus_bundle_passes_validation" time="0.817" /><testcase classname="tests.backend_test.TestWaitlist" name="test_admin_waitlist_lists" time="0.150" /><testcase classname="tests.backend_test.TestNoStripe" name="test_stripe_routes_gone" time="0.368" /><testcase classname="tests.backend_test.TestNoStripe" name="test_no_stripe_in_source" time="0.001" /><testcase classname="tests.backend_test.TestAuth" name="test_root" time="0.108" /><testcase classname="tests.backend_test.TestAuth" name="test_me_returns_user" time="0.194" /><testcase classname="tests.backend_test.TestCouponExclusions" name="test_category_exclusion_all_excluded_400" time="0.550" /><testcase classname="tests.backend_test.TestProducts" name="test_list_products_no_stripe_price" time="0.137" /><testcase classname="tests.backend_test.TestProducts" name="test_admin_crud" time="0.617" /><testcase classname="tests.backend_test.TestCouponExclusions" name="test_category_exclusion_mixed_cart_discounts_only_eligible" time="0.742"><failure message="AssertionError: {&quot;detail&quot;:&quot;A product in your cart is unavailable&quot;}&#10;assert 400 == 200&#10; +  where 400 = &lt;Response [400]&gt;.status_code">E   AssertionError: {"detail":"A product in your cart is unavailable"}
    assert 400 == 200
     +  where 400 = &lt;Response [400]&gt;.status_code</failure></testcase><testcase classname="tests.backend_test.TestTTLIndex" name="test_expires_at_ttl_index" time="0.001" /><testcase classname="tests.backend_test.TestTTLIndex" name="test_webhook_events_unique_index" time="0.000" /><testcase classname="tests.backend_test.TestAdminProtection" name="test_admin_orders_requires_admin" time="0.280" /><testcase classname="tests.backend_test.TestAdminProtection" name="test_admin_can_list_orders" time="0.144" /><testcase classname="tests.backend_test.TestCouponExclusions" name="test_product_id_exclusion" time="0.580" /><testcase classname="tests.backend_test.TestStardustCart" name="test_stardust_only_passes_validation" time="0.737" /><testcase classname="tests.backend_test.TestTracking" name="test_public_get_guest_order" time="0.000"><failure message="AttributeError: module 'pytest' has no attribute 'paid_order_id'">E   AttributeError: module 'pytest' has no attribute 'paid_order_id'</failure></testcase><testcase classname="tests.backend_test.TestTracking" name="test_public_get_messages" time="0.000"><failure message="AttributeError: module 'pytest' has no attribute 'paid_order_id'">E   AttributeError: module 'pytest' has no attribute 'paid_order_id'</failure></testcase><testcase classname="tests.backend_test.TestStardustVisibility" name="test_stardust_products_active_and_not_coming_soon" time="0.152"><failure message="AssertionError: 1M Stardust Farming coming_soon&#10;assert True is False&#10; +  where True = &lt;built-in method get of dict object at 0xfc05ca290700&gt;('coming_soon', False)&#10; +    where &lt;built-in method get of dict object at 0xfc05ca290700&gt; = {'id': '6a84f9a46717523cea50b635', 'name': '1M Stardust Farming', 'description': '1,000,000 Stardust, Skip the grind a...essage, your account is totally clear and you are free to log back in and play normally!', 'category': 'stardust', ...}.get">E   AssertionError: 1M Stardust Farming coming_soon
    assert True is False
     +  where True = &lt;built-in method get of dict object at 0xfc05ca290700&gt;('coming_soon', False)
     +    where &lt;built-in method get of dict object at 0xfc05ca290700&gt; = {'id': '6a84f9a46717523cea50b635', 'name': '1M Stardust Farming', 'description': '1,000,000 Stardust, Skip the grind a...essage, your account is totally clear and you are free to log back in and play normally!', 'category': 'stardust', ...}.get</failure></testcase><testcase classname="tests.backend_test.TestStardustVisibility" name="test_all_category_keys_are_lowercase_snake_case" time="0.160" /><testcase classname="tests.backend_test.TestStardustCart" name="test_stardust_does_not_unlock_event_pass" time="0.457" /><testcase classname="tests.backend_test.TestCheckoutLive" name="test_guest_checkout_returns_url_no_order" time="0.722" /><testcase classname="tests.backend_test.TestAnalytics" name="test_analytics_requires_admin" time="0.330" /><testcase classname="tests.backend_test.TestAnalytics" name="test_analytics_admin_shape" time="0.297" /><testcase classname="tests.backend_test" name="test_zz_restore_admin_password" time="0.634" /></testsuite></testsuites>