<?xml version="1.0" encoding="utf-8"?><testsuites name="pytest tests"><testsuite name="pytest" errors="0" failures="3" skipped="0" tests="32" time="12.249" timestamp="2026-08-19T14:39:47.931632+00:00" hostname="agent-env-2b6473bc-e08a-49fb-9b37-8dd7d5df58e5"><testcase classname="tests.test_coupons_v2.TestFixedCouponValidate" name="test_fixed_discount_equals_amount" time="1.136" /><testcase classname="tests.test_coupons_v2.TestFixedCouponAdmin" name="test_create_fixed_coupon" time="1.068" /><testcase classname="tests.test_coupons_v2.TestFixedCouponAdmin" name="test_percent_coupon_still_works" time="0.269" /><testcase classname="tests.test_coupons_v2.TestFixedCouponValidate" name="test_fixed_capped_at_subtotal_never_negative" time="0.448" /><testcase classname="tests.test_coupons_v2.TestFixedCouponAdmin" name="test_fixed_without_amount_400" time="0.151" /><testcase classname="tests.test_coupons_v2.TestFixedCouponAdmin" name="test_percent_without_percent_400" time="0.143" /><testcase classname="tests.test_coupons_v2.TestFixedCouponValidate" name="test_fixed_respects_excluded_category" time="0.472" /><testcase classname="tests.test_coupons_v2.TestFixedCouponAdmin" name="test_negative_amount_422" time="0.128" /><testcase classname="tests.test_coupons_v2.TestFixedCouponAdmin" name="test_update_percent_to_fixed" time="0.512" /><testcase classname="tests.test_coupons_v2.TestFixedCouponValidate" name="test_fixed_respects_excluded_product" time="0.407" /><testcase classname="tests.test_coupons_v2.TestOnePerCustomer" name="test_blocks_redeemed_email_allows_other" time="1.088" /><testcase classname="tests.test_coupons_v2.TestFixedCouponValidate" name="test_all_items_excluded_400" time="0.467" /><testcase classname="tests.test_coupons_v2.TestAdminWaitlist" name="test_requires_admin" time="0.161" /><testcase classname="tests.test_coupons_v2.TestAdminWaitlist" name="test_lists_signups" time="0.345" /><testcase classname="tests.test_coupons_v2.TestOnePerCustomer" name="test_no_email_still_validates" time="0.448" /><testcase classname="tests.test_coupons_v2.TestAdminWaitlist" name="test_duplicate_signup_is_upsert" time="0.311" /><testcase classname="tests.test_auth_playbook_v2.TestCookies" name="test_login_sets_httponly_cookies" time="0.364" /><testcase classname="tests.test_coupons_v2.TestOnePerCustomer" name="test_checkout_blocks_redeemed_email" time="0.870" /><testcase classname="tests.test_auth_playbook_v2.TestCookies" name="test_cookie_auth_works_without_bearer" time="0.460" /><testcase classname="tests.test_auth_playbook_v2.TestCookies" name="test_logout_clears_cookies" time="0.522" /><testcase classname="tests.test_coupons_v2.TestOnePerCustomer" name="test_redemption_recorded_via_paid_webhook" time="1.180" /><testcase classname="tests.test_auth_playbook_v2.TestPasswordHashing" name="test_admin_hash_is_bcrypt_2b" time="0.002" /><testcase classname="tests.test_auth_playbook_v2.TestPasswordHashing" name="test_new_user_hash_is_bcrypt_and_not_plaintext" time="0.391" /><testcase classname="tests.test_auth_playbook_v2.TestCors" name="test_app_preflight_allows_credentials_with_reflected_origin" time="0.002" /><testcase classname="tests.test_auth_playbook_v2.TestCors" name="test_arbitrary_origin_is_reflected_security_note" time="0.002" /><testcase classname="tests.test_auth_playbook_v2.TestBruteForceLockout" name="test_lockout_after_five_failures" time="3.349"><failure message="AssertionError: 200&#10;assert 200 == 429&#10; +  where 200 = &lt;Response [200]&gt;.status_code">E   AssertionError: 200
    assert 200 == 429
     +  where 200 = &lt;Response [200]&gt;.status_code</failure></testcase><testcase classname="tests.test_coupons_v2.TestFavicon" name="test_favicon_png_200" time="0.281" /><testcase classname="tests.test_coupons_v2.TestFavicon" name="test_index_references_favicon" time="0.122" /><testcase classname="tests.test_coupons_v2.TestFullDiscountCheckout" name="test_fixed_coupon_covering_whole_cart_checkout" time="1.391"><failure message="AssertionError: checkout with a full-cart fixed discount should be handled with a friendly 4xx (minimum charge), got 502: &lt;!DOCTYPE html&gt;&#10;  &lt;!--[if lt IE 7]&gt; &lt;html class=&quot;no-js ie6 oldie&quot; lang=&quot;en-US&quot;&gt; &lt;![endif]--&gt;&#10;  &lt;!--[if IE 7]&gt;    &lt;html class=&quot;no-js ie7 oldie&quot; lang=&quot;en-US&quot;&gt; &lt;![endif]--&gt;&#10;  &lt;!--[if IE 8]&gt;    &lt;html class=&quot;no-&#10;assert 502 &lt; 500&#10; +  where 502 = &lt;Response [502]&gt;.status_code">E   AssertionError: checkout with a full-cart fixed discount should be handled with a friendly 4xx (minimum charge), got 502: &lt;!DOCTYPE html&gt;
      &lt;!--[if lt IE 7]&gt; &lt;html class="no-js ie6 oldie" lang="en-US"&gt; &lt;![endif]--&gt;
      &lt;!--[if IE 7]&gt;    &lt;html class="no-js ie7 oldie" lang="en-US"&gt; &lt;![endif]--&gt;
      &lt;!--[if IE 8]&gt;    &lt;html class="no-
    assert 502 &lt; 500
     +  where 502 = &lt;Response [502]&gt;.status_code</failure></testcase><testcase classname="tests.test_auth_playbook_v2.TestBruteForceLockout" name="test_successful_login_resets_counter" time="1.849"><failure message="AssertionError: assert 1 == 0&#10; +  where 1 = count_documents({'identifier': {'$regex': 'testqa_reset_1ce21e@example.com'}})&#10; +    where count_documents = Collection(Database(MongoClient(host=['localhost:27017'], document_class=dict, tz_aware=False, connect=True), 'test_database'), 'login_attempts').count_documents&#10; +      where Collection(Database(MongoClient(host=['localhost:27017'], document_class=dict, tz_aware=False, connect=True), 'test_database'), 'login_attempts') = Database(MongoClient(host=['localhost:27017'], document_class=dict, tz_aware=False, connect=True), 'test_database').login_attempts">E   AssertionError: assert 1 == 0
     +  where 1 = count_documents({'identifier': {'$regex': 'testqa_reset_1ce21e@example.com'}})
     +    where count_documents = Collection(Database(MongoClient(host=['localhost:27017'], document_class=dict, tz_aware=False, connect=True), 'test_database'), 'login_attempts').count_documents
     +      where Collection(Database(MongoClient(host=['localhost:27017'], document_class=dict, tz_aware=False, connect=True), 'test_database'), 'login_attempts') = Database(MongoClient(host=['localhost:27017'], document_class=dict, tz_aware=False, connect=True), 'test_database').login_attempts</failure></testcase><testcase classname="tests.test_auth_playbook_v2.TestSeedAdminIdempotent" name="test_only_one_admin_doc" time="0.001" /><testcase classname="tests.test_auth_playbook_v2.TestSeedAdminIdempotent" name="test_admin_login_works" time="0.355" /></testsuite></testsuites>