<?xml version="1.0" encoding="utf-8"?><testsuites name="pytest tests"><testsuite name="pytest" errors="0" failures="2" skipped="0" tests="14" time="3.777" timestamp="2026-08-19T15:10:24.779168+00:00" hostname="agent-env-2b6473bc-e08a-49fb-9b37-8dd7d5df58e5"><testcase classname="tests.test_coming_soon_v3.TestCheckoutComingSoonGuard" name="test_coming_soon_product_rejected" time="0.755" /><testcase classname="tests.test_coming_soon_v3.TestCheckoutComingSoonGuard" name="test_coming_soon_mixed_with_valid_product_rejected" time="0.146" /><testcase classname="tests.test_coming_soon_v3.TestVisibilityToggles" name="test_coming_soon_product_stays_in_public_list" time="1.212" /><testcase classname="tests.test_coming_soon_v3.TestCheckoutComingSoonGuard" name="test_newly_flagged_coming_soon_product_rejected" time="0.897"><failure message="assert 502 == 400&#10; +  where 502 = &lt;Response [502]&gt;.status_code">E   assert 502 == 400
     +  where 502 = &lt;Response [502]&gt;.status_code</failure></testcase><testcase classname="tests.test_coming_soon_v3.TestVisibilityToggles" name="test_inactive_product_hidden_publicly_but_visible_with_include_inactive" time="0.789" /><testcase classname="tests.test_coming_soon_v3.TestCheckoutComingSoonGuard" name="test_inactive_product_rejected" time="0.437" /><testcase classname="tests.test_coming_soon_v3.TestVisibilityToggles" name="test_featured_coming_soon_persists" time="0.509" /><testcase classname="tests.test_coming_soon_v3.TestProductListing" name="test_public_list_returns_active_only_and_includes_coming_soon" time="0.139" /><testcase classname="tests.test_coming_soon_v3.TestProductListing" name="test_include_inactive_requires_nothing_but_returns_superset" time="0.120" /><testcase classname="tests.test_coming_soon_v3.TestProductListing" name="test_sorted_by_price_ascending" time="0.144" /><testcase classname="tests.test_coming_soon_v3.TestVisibilityToggles" name="test_toggle_featured_endpoint" time="0.348" /><testcase classname="tests.test_coming_soon_v3.TestFeaturedPreservedOnUpdate" name="test_put_without_is_featured_keeps_star" time="0.287"><failure message="AssertionError: PUT /api/products/{id} without is_featured wiped the featured flag&#10;assert False is True">E   AssertionError: PUT /api/products/{id} without is_featured wiped the featured flag
    assert False is True</failure></testcase><testcase classname="tests.test_coming_soon_v3.TestVisibilityToggles" name="test_update_requires_admin" time="0.118" /><testcase classname="tests.test_coming_soon_v3.TestWaitlist" name="test_join_waitlist_for_coming_soon_product" time="0.273" /></testsuite></testsuites>