<?xml version="1.0" encoding="utf-8"?><testsuites name="pytest tests"><testsuite name="pytest" errors="0" failures="0" skipped="0" tests="89" time="107.557" timestamp="2026-08-19T14:28:07.304465+00:00" hostname="agent-env-2b6473bc-e08a-49fb-9b37-8dd7d5df58e5"><testcase classname="tests.backend_test.TestCouponAdminCrud" name="test_list_requires_admin" time="0.754" /><testcase classname="tests.backend_test.TestCouponAdminCrud" name="test_create_requires_admin" time="0.268" /><testcase classname="tests.backend_test.TestCouponValidation" name="test_validate_public_no_auth" time="1.411" /><testcase classname="tests.backend_test.TestCouponAdminCrud" name="test_create_and_uppercase_code" time="0.862" /><testcase classname="tests.backend_test.TestCouponValidation" name="test_case_insensitive_code" time="0.566" /><testcase classname="tests.backend_test.TestCouponAdminCrud" name="test_duplicate_code_returns_400" time="0.397" /><testcase classname="tests.backend_test.TestCouponValidation" name="test_unknown_code_400" time="0.329" /><testcase classname="tests.backend_test.TestCouponAdminCrud" name="test_percent_out_of_range_422" time="0.273" /><testcase classname="tests.backend_test.TestCouponValidation" name="test_inactive_coupon_400" time="0.583" /><testcase classname="tests.backend_test.TestCouponAdminCrud" name="test_unknown_category_400" time="0.134" /><testcase classname="tests.backend_test.TestCouponAdminCrud" name="test_optional_fields_accepted" time="0.256" /><testcase classname="tests.backend_test.TestCouponValidation" name="test_expired_coupon_400" time="0.535" /><testcase classname="tests.backend_test.TestCouponAdminCrud" name="test_put_updates_all_fields" time="0.395" /><testcase classname="tests.backend_test.TestCouponAdminCrud" name="test_delete_bogus_id_404" time="0.151" /><testcase classname="tests.backend_test.TestCouponValidation" name="test_usage_limit_400" time="0.550" /><testcase classname="tests.backend_test.TestWebhook" name="test_webhook_bad_signature_401" time="0.002" /><testcase classname="tests.backend_test.TestWebhook" name="test_webhook_missing_signature_401" time="0.001" /><testcase classname="tests.backend_test.TestWebhook" name="test_webhook_unknown_session_matched_false" time="0.003" /><testcase classname="tests.backend_test.TestWebhook" name="test_webhook_unpaid_status_creates_no_order" time="0.570" /><testcase classname="tests.backend_test.TestCouponValidation" name="test_min_subtotal_400" time="0.567" /><testcase classname="tests.backend_test.TestWebhook" name="test_webhook_paid_promotes_session_to_order_and_idempotent" time="0.410" /><testcase classname="tests.backend_test.TestWebhook" name="test_checkout_session_status_returns_order_id" time="0.116" /><testcase classname="tests.backend_test.TestPasswordChange" name="test_change_password_requires_auth" time="0.287" /><testcase classname="tests.backend_test.TestPasswordChange" name="test_change_password_short_returns_422" time="0.123" /><testcase classname="tests.backend_test.TestPasswordChange" name="test_wrong_current_password_returns_401" time="0.511" /><testcase classname="tests.backend_test.TestPasswordChange" name="test_customer_password_change_happy_path" time="1.346" /><testcase classname="tests.backend_test.TestRegisteredPrivacy" name="test_other_user_forbidden" time="1.683" /><testcase classname="tests.backend_test.TestRegisteredPrivacy" name="test_anonymous_forbidden" time="0.250" /><testcase classname="tests.backend_test.TestRegisteredPrivacy" name="test_admin_can_read" time="0.148" /><testcase classname="tests.backend_test.TestRegisteredPrivacy" name="test_customer_cannot_reveal_creds" time="0.245" /><testcase classname="tests.backend_test.TestPasswordChange" name="test_reusing_same_password_returns_400" time="0.345" /><testcase classname="tests.backend_test.TestRegisteredPrivacy" name="test_admin_status_transitions_notify_customer" time="1.083" /><testcase classname="tests.backend_test.TestVisitorTracking" name="test_track_public_no_auth" time="0.253" /><testcase classname="tests.backend_test.TestVisitorTracking" name="test_track_dedup_per_ip_per_day" time="0.574" /><testcase classname="tests.backend_test.TestMedalsCategory" name="test_seeded_medals_present_with_msrp" time="68.366" /><testcase classname="tests.backend_test.TestVisitorTracking" name="test_visits_indexes" time="0.001" /><testcase classname="tests.backend_test.TestVisitorTracking" name="test_geolocation_united_states" time="68.479" /><testcase classname="tests.backend_test.TestMedalsCategory" name="test_admin_can_create_medals_product" time="0.322" /><testcase classname="tests.backend_test.TestVisitorTracking" name="test_geolocation_private_ip_unknown_non_fatal" time="0.154" /><testcase classname="tests.backend_test.TestMedalsCategory" name="test_non_admin_cannot_create_medals" time="0.156" /><testcase classname="tests.backend_test.TestStardustCategory" name="test_seeded_stardust_products_present" time="0.141" /><testcase classname="tests.backend_test.TestMedalsCategory" name="test_invalid_category_400" time="0.138" /><testcase classname="tests.backend_test.TestStardustCategory" name="test_admin_create_stardust_product" time="19.569" /><testcase classname="tests.backend_test.TestFeaturedField" name="test_is_featured_present_on_every_product" time="0.149" /><testcase classname="tests.backend_test.TestFeaturedField" name="test_create_defaults_is_featured_false" time="0.469" /><testcase classname="tests.backend_test.TestFeaturedField" name="test_create_with_is_featured_true_persists" time="0.263" /><testcase classname="tests.backend_test.TestFeaturedField" name="test_put_preserves_is_featured" time="0.654" /><testcase classname="tests.backend_test.TestFeaturedToggle" name="test_requires_auth" time="0.274" /><testcase classname="tests.backend_test.TestFeaturedToggle" name="test_forbidden_for_customer" time="0.327" /><testcase classname="tests.backend_test.TestFeaturedToggle" name="test_404_for_nonexistent" time="0.124" /><testcase classname="tests.backend_test.TestFeaturedToggle" name="test_toggle_persists" time="0.879" /><testcase classname="tests.backend_test.TestCouponCheckout" name="test_checkout_applies_discount_server_side_and_stores_on_session" time="12.568" /><testcase classname="tests.backend_test.TestCouponCheckout" name="test_checkout_invalid_coupon_400_no_orphan_session" time="0.259" /><testcase classname="tests.backend_test.TestCouponCheckout" name="test_event_pass_bundle_rule_precedes_coupon_error" time="0.570" /><testcase classname="tests.backend_test.TestCouponCheckout" name="test_webhook_promotes_session_with_coupon_and_increments_used_count" time="0.667" /><testcase classname="tests.backend_test.TestCheckoutValidation" name="test_guest_missing_email_400" time="0.262" /><testcase classname="tests.backend_test.TestCheckoutValidation" name="test_guest_event_pass_only_400_no_session_no_order" time="0.268" /><testcase classname="tests.backend_test.TestCheckoutValidation" name="test_registered_event_pass_only_400" time="0.283" /><testcase classname="tests.backend_test.TestMedalsCartLogic" name="test_medals_only_does_not_unlock_event_pass" time="0.506" /><testcase classname="tests.backend_test.TestMedalsCartLogic" name="test_medals_only_passes_validation" time="0.620" /><testcase classname="tests.backend_test.TestMedalsCartLogic" name="test_medals_plus_bundle_passes_validation" time="0.910" /><testcase classname="tests.backend_test.TestStardustCategory" name="test_customer_cannot_create_stardust" time="0.126" /><testcase classname="tests.backend_test.TestStardustCategory" name="test_invalid_category_still_400" time="0.153" /><testcase classname="tests.backend_test.TestCouponExclusions" name="test_category_exclusion_all_excluded_400" time="0.650" /><testcase classname="tests.backend_test.TestWaitlist" name="test_waitlist_public_upsert" time="0.311" /><testcase classname="tests.backend_test.TestWaitlist" name="test_admin_waitlist_requires_admin" time="0.265" /><testcase classname="tests.backend_test.TestCouponExclusions" name="test_category_exclusion_mixed_cart_discounts_only_eligible" time="0.742" /><testcase classname="tests.backend_test.TestWaitlist" name="test_admin_waitlist_lists" time="0.126" /><testcase classname="tests.backend_test.TestNoStripe" name="test_stripe_routes_gone" time="0.256" /><testcase classname="tests.backend_test.TestNoStripe" name="test_no_stripe_in_source" time="0.001" /><testcase classname="tests.backend_test.TestProducts" name="test_list_products_no_stripe_price" time="0.201" /><testcase classname="tests.backend_test.TestCouponExclusions" name="test_product_id_exclusion" time="0.613" /><testcase classname="tests.backend_test.TestProducts" name="test_admin_crud" time="0.655" /><testcase classname="tests.backend_test.TestAuth" name="test_root" time="0.193" /><testcase classname="tests.backend_test.TestTTLIndex" name="test_expires_at_ttl_index" time="0.001" /><testcase classname="tests.backend_test.TestTTLIndex" name="test_webhook_events_unique_index" time="0.000" /><testcase classname="tests.backend_test.TestAdminProtection" name="test_admin_orders_requires_admin" time="0.269" /><testcase classname="tests.backend_test.TestAuth" name="test_me_returns_user" time="0.154" /><testcase classname="tests.backend_test.TestTracking" name="test_public_get_guest_order" time="0.135" /><testcase classname="tests.backend_test.TestAdminProtection" name="test_admin_can_list_orders" time="0.123" /><testcase classname="tests.backend_test.TestTracking" name="test_public_get_messages" time="0.137" /><testcase classname="tests.backend_test.TestStardustCart" name="test_stardust_only_passes_validation" time="5.637" /><testcase classname="tests.backend_test.TestAnalytics" name="test_analytics_requires_admin" time="0.258" /><testcase classname="tests.backend_test.TestAnalytics" name="test_analytics_admin_shape" time="0.269" /><testcase classname="tests.backend_test.TestCheckoutLive" name="test_guest_checkout_returns_url_no_order" time="5.792" /><testcase classname="tests.backend_test.TestStardustCart" name="test_stardust_does_not_unlock_event_pass" time="0.487" /><testcase classname="tests.backend_test.TestStardustVisibility" name="test_stardust_products_active_and_not_coming_soon" time="0.137" /><testcase classname="tests.backend_test.TestStardustVisibility" name="test_all_category_keys_are_lowercase_snake_case" time="0.119" /><testcase classname="tests.backend_test" name="test_zz_restore_admin_password" time="0.579" /></testsuite></testsuites>