<?xml version="1.0" encoding="utf-8"?><testsuites name="pytest tests"><testsuite name="pytest" errors="0" failures="0" skipped="0" tests="29" time="8.009" timestamp="2026-09-13T12:13:33.421787+00:00" hostname="agent-env-2b6473bc-e08a-49fb-9b37-8dd7d5df58e5"><testcase classname="tests.test_security_hardening_v28.TestPublicReadEndpoints" name="test_public_read[/health]" time="0.282" /><testcase classname="tests.test_security_hardening_v28.TestPublicReadEndpoints" name="test_public_read[/products]" time="0.233" /><testcase classname="tests.test_security_hardening_v28.TestAdminReadSweep" name="test_admin_get[/admin/orders]" time="0.760" /><testcase classname="tests.test_security_hardening_v28.TestPublicReadEndpoints" name="test_public_read[/categories]" time="0.109" /><testcase classname="tests.test_security_hardening_v28.TestPublicReadEndpoints" name="test_public_read[/popups]" time="0.138" /><testcase classname="tests.test_security_hardening_v28.TestAdminReadSweep" name="test_admin_get[/admin/coupons]" time="0.076" /><testcase classname="tests.test_security_hardening_v28.TestPublicReadEndpoints" name="test_public_read[/settings/banner]" time="0.132" /><testcase classname="tests.test_security_hardening_v28.TestAdminReadSweep" name="test_admin_get[/admin/reviews]" time="0.125" /><testcase classname="tests.test_security_hardening_v28.TestPublicReadEndpoints" name="test_public_read[/reviews]" time="0.138" /><testcase classname="tests.test_security_hardening_v28.TestAdminReadSweep" name="test_admin_get[/admin/waitlist]" time="0.073" /><testcase classname="tests.test_security_hardening_v28.TestPublicReadEndpoints" name="test_public_read[/admin/settings/reviews]" time="0.169" /><testcase classname="tests.test_security_hardening_v28.TestAdminReadSweep" name="test_admin_get[/admin/popups]" time="0.092" /><testcase classname="tests.test_security_hardening_v28.TestAdminReadSweep" name="test_admin_get[/admin/affiliates]" time="1.584" /><testcase classname="tests.test_security_hardening_v28.TestAdminAuthZ" name="test_anonymous_admin_endpoints_401" time="0.254" /><testcase classname="tests.test_security_hardening_v28.TestAdminAuthZ" name="test_customer_admin_endpoints_403" time="1.066" /><testcase classname="tests.test_security_hardening_v28.TestAdminAuthZ" name="test_customer_admin_write_403" time="0.093" /><testcase classname="tests.test_security_hardening_v28.TestAdminLogin" name="test_new_password_works" time="0.565" /><testcase classname="tests.test_security_hardening_v28.TestAdminReadSweep" name="test_admin_get[/admin/payouts]" time="0.818" /><testcase classname="tests.test_security_hardening_v28.TestAdminLogin" name="test_old_password_rejected" time="0.348" /><testcase classname="tests.test_security_hardening_v28.TestAdminReadSweep" name="test_admin_get[/admin/unread]" time="0.146" /><testcase classname="tests.test_security_hardening_v28.TestCSRFGuard" name="test_cookie_only_write_without_origin_blocked" time="2.537" /><testcase classname="tests.test_security_hardening_v28.TestAdminReadSweep" name="test_admin_get[/admin/settings/payout-methods]" time="0.074" /><testcase classname="tests.test_security_hardening_v28.TestAdminReadSweep" name="test_admin_get[/admin/analytics]" time="0.080" /><testcase classname="tests.test_security_hardening_v28.TestOrderIsolation" name="test_customer_cannot_read_others_order" time="1.056" /><testcase classname="tests.test_security_hardening_v28.TestPopupOfferRateLimit" name="test_popup_offer_rate_limited" time="1.724" /><testcase classname="tests.test_security_hardening_v28.TestCSRFGuard" name="test_bearer_auth_bypasses_csrf" time="0.460" /><testcase classname="tests.test_security_hardening_v28.TestGuestOrderAccessKey" name="test_guest_order_requires_key" time="0.631" /><testcase classname="tests.test_security_hardening_v28.TestLegalPage" name="test_legal_get_returns_terms_and_privacy" time="0.181" /><testcase classname="tests.test_security_hardening_v28.TestGuestOrderAccessKey" name="test_legacy_order_without_key_still_works" time="0.153" /></testsuite></testsuites>