<?xml version="1.0" encoding="utf-8"?><testsuites name="pytest tests"><testsuite name="pytest" errors="0" failures="0" skipped="0" tests="20" time="4.230" timestamp="2026-09-06T01:42:39.945265+00:00" hostname="agent-env-2b6473bc-e08a-49fb-9b37-8dd7d5df58e5"><testcase classname="tests.test_pokecoins_launch_v20.TestCategories" name="test_categories_order_and_no_shundo" time="0.307" /><testcase classname="tests.test_pokecoins_launch_v20.TestHuntingCatalog" name="test_shundo_products_moved_to_hunting_service" time="0.449" /><testcase classname="tests.test_pokecoins_launch_v20.TestHuntingCatalog" name="test_auto_raid_hunting" time="0.000" /><testcase classname="tests.test_pokecoins_launch_v20.TestHuntingCatalog" name="test_egg_hatching" time="0.000" /><testcase classname="tests.test_pokecoins_launch_v20.TestHuntingCatalog" name="test_shiny_shadow_hunting_coming_soon" time="0.000" /><testcase classname="tests.test_pokecoins_launch_v20.TestProductNameUniqueness" name="test_duplicate_name_returns_409" time="0.076" /><testcase classname="tests.test_pokecoins_launch_v20.TestProductNameUniqueness" name="test_new_name_succeeds_and_can_be_cleaned_up" time="0.229" /><testcase classname="tests.test_pokecoins_launch_v20.TestProductNameUniqueness" name="test_products_name_unique_index_exists" time="0.072" /><testcase classname="tests.test_pokecoins_launch_v20.TestDescriptionEdit" name="test_edit_hunting_description_persists" time="0.373" /><testcase classname="tests.test_pokecoins_launch_v20.TestCatalogSyncDryRun" name="test_dry_run_uses_sellauth_id_no_duplicate_creates" time="2.052" /><testcase classname="tests.test_pokecoins_launch_v20.TestSelfPushGuard" name="test_target_base_refuses_same_host" time="0.000" /><testcase classname="tests.test_pokecoins_launch_v20.TestSelfPushGuard" name="test_target_base_accepts_different_host" time="0.000" /><testcase classname="tests.test_pokecoins_launch_v20.TestSelfPushGuard" name="test_target_base_ignores_port_in_own_host" time="0.000" /><testcase classname="tests.test_pokecoins_launch_v20.TestSelfPushGuard" name="test_target_base_requires_https" time="0.000" /><testcase classname="tests.test_pokecoins_launch_v20.TestSelfPushGuard" name="test_sync_endpoint_returns_400_on_same_host" time="0.234" /><testcase classname="tests.test_pokecoins_launch_v20.TestCouponRegression" name="test_validate_excludes_event_pass" time="0.148" /><testcase classname="tests.test_pokecoins_launch_v20.TestCouponRegression" name="test_validate_reports_no_eligible_when_only_event_pass" time="0.076" /><testcase classname="tests.test_pokecoins_launch_v20.TestCouponRegression" name="test_sellauth_cart_payload_uses_custom_price_for_discounted_lines" time="0.000" /><testcase classname="tests.test_pokecoins_launch_v20.TestCouponRegression" name="test_sellauth_cart_line_shape_for_discounted_line" time="0.000" /><testcase classname="tests.test_pokecoins_launch_v20.TestCouponRegression" name="test_sellauth_cart_line_shape_for_catalog_line" time="0.084" /></testsuite></testsuites>