<?xml version="1.0" encoding="utf-8"?><testsuites name="pytest tests"><testsuite name="pytest" errors="0" failures="2" skipped="0" tests="15" time="4.553" timestamp="2026-09-07T19:03:21.733143+00:00" hostname="agent-env-2b6473bc-e08a-49fb-9b37-8dd7d5df58e5"><testcase classname="tests.test_legal_compliance_v26.TestLegalGet" name="test_public_no_auth" time="0.281" /><testcase classname="tests.test_legal_compliance_v26.TestLegalUpdate" name="test_guest_401" time="0.079" /><testcase classname="tests.test_legal_compliance_v26.TestLegalUpdate" name="test_customer_403" time="0.497" /><testcase classname="tests.test_legal_compliance_v26.TestLegalUpdate" name="test_empty_body_400" time="0.508" /><testcase classname="tests.test_legal_compliance_v26.TestLegalUpdate" name="test_partial_update_privacy_does_not_clobber_terms" time="0.625" /><testcase classname="tests.test_legal_compliance_v26.TestCheckoutGate" name="test_missing_accepted_terms_returns_400" time="0.231"><failure message="AssertionError: an event pass cannot be bought on its own — add pokécoins, stardust or a medal bundle to your cart.&#10;assert ('18' in 'an event pass cannot be bought on its own — add pokécoins, stardust or a medal bundle to your cart.' or 'terms' in 'an event pass cannot be bought on its own — add pokécoins, stardust or a medal bundle to your cart.')">backend/tests/test_legal_compliance_v26.py:146: in test_missing_accepted_terms_returns_400
    assert "18" in detail or "terms" in detail, detail
E   AssertionError: an event pass cannot be bought on its own — add pokécoins, stardust or a medal bundle to your cart.
E   assert ('18' in 'an event pass cannot be bought on its own — add pokécoins, stardust or a medal bundle to your cart.' or 'terms' in 'an event pass cannot be bought on its own — add pokécoins, stardust or a medal bundle to your cart.')</failure></testcase><testcase classname="tests.test_legal_compliance_v26.TestCheckoutGate" name="test_false_accepted_terms_returns_400" time="0.280"><failure message="AssertionError: assert ('terms' in 'an event pass cannot be bought on its own — add pokécoins, stardust or a medal bundle to your cart.' or '18' in 'an event pass cannot be bought on its own — add pokécoins, stardust or a medal bundle to your cart.')">backend/tests/test_legal_compliance_v26.py:163: in test_false_accepted_terms_returns_400
    assert "terms" in detail or "18" in detail
E   AssertionError: assert ('terms' in 'an event pass cannot be bought on its own — add pokécoins, stardust or a medal bundle to your cart.' or '18' in 'an event pass cannot be bought on its own — add pokécoins, stardust or a medal bundle to your cart.')</failure></testcase><testcase classname="tests.test_legal_compliance_v26.TestCheckoutGate" name="test_accepted_terms_creates_session_with_metadata" time="0.296" /><testcase classname="tests.test_legal_compliance_v26.TestCredentialPurge" name="test_purge_matrix" time="0.254" /><testcase classname="tests.test_legal_compliance_v26.TestPayouts" name="test_payouts_guest_401" time="0.077" /><testcase classname="tests.test_legal_compliance_v26.TestPayouts" name="test_payouts_customer_403" time="0.080" /><testcase classname="tests.test_legal_compliance_v26.TestPayouts" name="test_payouts_admin_returns_list" time="0.526" /><testcase classname="tests.test_legal_compliance_v26.TestPayouts" name="test_mark_paid_guest_401" time="0.082" /><testcase classname="tests.test_legal_compliance_v26.TestPayouts" name="test_mark_paid_customer_403" time="0.084" /><testcase classname="tests.test_legal_compliance_v26.TestPayouts" name="test_mark_paid_admin_bad_id_readable_4xx" time="0.481" /></testsuite></testsuites>