<?xml version="1.0" encoding="utf-8"?><testsuites name="pytest tests"><testsuite name="pytest" errors="0" failures="0" skipped="0" tests="66" time="19.404" timestamp="2026-08-19T01:00:07.206092+00:00" hostname="agent-env-2b6473bc-e08a-49fb-9b37-8dd7d5df58e5"><testcase classname="tests.backend_test.TestNoStripe" name="test_stripe_routes_gone" time="0.414" /><testcase classname="tests.backend_test.TestNoStripe" name="test_no_stripe_in_source" time="0.004" /><testcase classname="tests.backend_test.TestAuth" name="test_root" time="0.142" /><testcase classname="tests.backend_test.TestAuth" name="test_me_returns_user" time="0.536" /><testcase classname="tests.backend_test.TestProducts" name="test_list_products_no_stripe_price" time="0.146" /><testcase classname="tests.backend_test.TestProducts" name="test_admin_crud" time="0.901" /><testcase classname="tests.backend_test.TestTTLIndex" name="test_expires_at_ttl_index" time="0.002" /><testcase classname="tests.backend_test.TestTTLIndex" name="test_webhook_events_unique_index" time="0.001" /><testcase classname="tests.backend_test.TestCheckoutValidation" name="test_guest_missing_email_400" time="0.251" /><testcase classname="tests.backend_test.TestCheckoutValidation" name="test_guest_event_pass_only_400_no_session_no_order" time="0.239" /><testcase classname="tests.backend_test.TestCheckoutValidation" name="test_registered_event_pass_only_400" time="0.255" /><testcase classname="tests.backend_test.TestCheckoutLive" name="test_guest_checkout_returns_url_no_order" time="0.779" /><testcase classname="tests.backend_test.TestWebhook" name="test_webhook_bad_signature_401" time="0.002" /><testcase classname="tests.backend_test.TestWebhook" name="test_webhook_missing_signature_401" time="0.001" /><testcase classname="tests.backend_test.TestWebhook" name="test_webhook_unknown_session_matched_false" time="0.003" /><testcase classname="tests.backend_test.TestWebhook" name="test_webhook_unpaid_status_creates_no_order" time="0.475" /><testcase classname="tests.backend_test.TestWebhook" name="test_webhook_paid_promotes_session_to_order_and_idempotent" time="0.472" /><testcase classname="tests.backend_test.TestWebhook" name="test_checkout_session_status_returns_order_id" time="0.121" /><testcase classname="tests.backend_test.TestTracking" name="test_public_get_guest_order" time="0.115" /><testcase classname="tests.backend_test.TestTracking" name="test_public_get_messages" time="0.134" /><testcase classname="tests.backend_test.TestRegisteredPrivacy" name="test_other_user_forbidden" time="0.720" /><testcase classname="tests.backend_test.TestRegisteredPrivacy" name="test_anonymous_forbidden" time="0.184" /><testcase classname="tests.backend_test.TestRegisteredPrivacy" name="test_admin_can_read" time="0.122" /><testcase classname="tests.backend_test.TestRegisteredPrivacy" name="test_customer_cannot_reveal_creds" time="0.114" /><testcase classname="tests.backend_test.TestRegisteredPrivacy" name="test_admin_status_transitions_notify_customer" time="0.869" /><testcase classname="tests.backend_test.TestAdminProtection" name="test_admin_orders_requires_admin" time="0.261" /><testcase classname="tests.backend_test.TestAdminProtection" name="test_admin_can_list_orders" time="0.121" /><testcase classname="tests.backend_test.TestMedalsCategory" name="test_seeded_medals_present_with_msrp" time="0.127" /><testcase classname="tests.backend_test.TestMedalsCategory" name="test_admin_can_create_medals_product" time="0.271" /><testcase classname="tests.backend_test.TestMedalsCategory" name="test_non_admin_cannot_create_medals" time="0.112" /><testcase classname="tests.backend_test.TestMedalsCategory" name="test_invalid_category_400" time="0.116" /><testcase classname="tests.backend_test.TestMedalsCartLogic" name="test_medals_only_does_not_unlock_event_pass" time="0.367" /><testcase classname="tests.backend_test.TestMedalsCartLogic" name="test_medals_only_passes_validation" time="0.605" /><testcase classname="tests.backend_test.TestMedalsCartLogic" name="test_medals_plus_bundle_passes_validation" time="0.721" /><testcase classname="tests.backend_test.TestWaitlist" name="test_waitlist_public_upsert" time="0.248" /><testcase classname="tests.backend_test.TestWaitlist" name="test_admin_waitlist_requires_admin" time="0.287" /><testcase classname="tests.backend_test.TestWaitlist" name="test_admin_waitlist_lists" time="0.128" /><testcase classname="tests.backend_test.TestStardustCategory" name="test_seeded_stardust_products_present" time="0.142" /><testcase classname="tests.backend_test.TestStardustCategory" name="test_admin_create_stardust_product" time="0.257" /><testcase classname="tests.backend_test.TestStardustCategory" name="test_customer_cannot_create_stardust" time="0.117" /><testcase classname="tests.backend_test.TestStardustCategory" name="test_invalid_category_still_400" time="0.142" /><testcase classname="tests.backend_test.TestStardustCart" name="test_stardust_only_passes_validation" time="0.545" /><testcase classname="tests.backend_test.TestStardustCart" name="test_stardust_does_not_unlock_event_pass" time="0.364" /><testcase classname="tests.backend_test.TestPasswordChange" name="test_change_password_requires_auth" time="0.121" /><testcase classname="tests.backend_test.TestPasswordChange" name="test_change_password_short_returns_422" time="0.105" /><testcase classname="tests.backend_test.TestPasswordChange" name="test_wrong_current_password_returns_401" time="0.339" /><testcase classname="tests.backend_test.TestPasswordChange" name="test_customer_password_change_happy_path" time="1.330" /><testcase classname="tests.backend_test.TestPasswordChange" name="test_reusing_same_password_returns_400" time="0.337" /><testcase classname="tests.backend_test.TestVisitorTracking" name="test_track_public_no_auth" time="0.122" /><testcase classname="tests.backend_test.TestVisitorTracking" name="test_track_dedup_per_ip_per_day" time="0.524" /><testcase classname="tests.backend_test.TestVisitorTracking" name="test_visits_indexes" time="0.001" /><testcase classname="tests.backend_test.TestVisitorTracking" name="test_geolocation_united_states" time="0.239" /><testcase classname="tests.backend_test.TestVisitorTracking" name="test_geolocation_private_ip_unknown_non_fatal" time="0.126" /><testcase classname="tests.backend_test.TestAnalytics" name="test_analytics_requires_admin" time="0.267" /><testcase classname="tests.backend_test.TestAnalytics" name="test_analytics_admin_shape" time="0.295" /><testcase classname="tests.backend_test.TestStardustVisibility" name="test_stardust_products_active_and_not_coming_soon" time="0.137" /><testcase classname="tests.backend_test.TestStardustVisibility" name="test_all_category_keys_are_lowercase_snake_case" time="0.141" /><testcase classname="tests.backend_test.TestFeaturedField" name="test_is_featured_present_on_every_product" time="0.123" /><testcase classname="tests.backend_test.TestFeaturedField" name="test_create_defaults_is_featured_false" time="0.349" /><testcase classname="tests.backend_test.TestFeaturedField" name="test_create_with_is_featured_true_persists" time="0.289" /><testcase classname="tests.backend_test.TestFeaturedField" name="test_put_preserves_is_featured" time="0.514" /><testcase classname="tests.backend_test.TestFeaturedToggle" name="test_requires_auth" time="0.242" /><testcase classname="tests.backend_test.TestFeaturedToggle" name="test_forbidden_for_customer" time="0.230" /><testcase classname="tests.backend_test.TestFeaturedToggle" name="test_404_for_nonexistent" time="0.131" /><testcase classname="tests.backend_test.TestFeaturedToggle" name="test_toggle_persists" time="0.755" /><testcase classname="tests.backend_test" name="test_zz_restore_admin_password" time="0.573" /></testsuite></testsuites>