<?xml version="1.0" encoding="utf-8"?><testsuites name="pytest tests"><testsuite name="pytest" errors="0" failures="0" skipped="0" tests="10" time="5.308" timestamp="2026-09-05T12:09:08.117347+00:00" hostname="agent-env-2b6473bc-e08a-49fb-9b37-8dd7d5df58e5"><testcase classname="tests.test_review_upgrade_v11.TestSubmissionDisplayName" name="test_display_name_is_used_in_public_payload" time="1.095" /><testcase classname="tests.test_review_upgrade_v11.TestSubmissionDisplayName" name="test_anonymous_true_masks_to_valued_customer" time="0.440" /><testcase classname="tests.test_review_upgrade_v11.TestSubmissionDisplayName" name="test_blank_display_name_falls_back_to_valued_customer" time="0.391" /><testcase classname="tests.test_review_upgrade_v11.TestPublicPayloadLeak" name="test_public_reviews_do_not_leak_email_realname_or_order_id" time="0.380" /><testcase classname="tests.test_review_upgrade_v11.TestPinEndpoint" name="test_pin_and_unpin_and_404" time="0.471" /><testcase classname="tests.test_review_upgrade_v11.TestPinEndpoint" name="test_pin_requires_admin" time="0.445" /><testcase classname="tests.test_review_upgrade_v11.TestPinnedFirst" name="test_public_and_admin_sort_pinned_first" time="0.893" /><testcase classname="tests.test_review_upgrade_v11.TestDeleteLockSemantics" name="test_default_lock_true_locks_order_and_blocks_second_review" time="0.316" /><testcase classname="tests.test_review_upgrade_v11.TestDeleteLockSemantics" name="test_lock_false_keeps_order_eligible" time="0.372" /><testcase classname="tests.test_review_upgrade_v11.TestApprovalCouponRegression" name="test_approve_issues_single_coupon" time="0.304" /></testsuite></testsuites>