<?xml version="1.0" encoding="utf-8"?><testsuites name="pytest tests"><testsuite name="pytest" errors="0" failures="0" skipped="0" tests="9" time="4.080" timestamp="2026-09-05T11:32:38.086419+00:00" hostname="agent-env-2b6473bc-e08a-49fb-9b37-8dd7d5df58e5"><testcase classname="tests.test_review_rewards_v10.TestSubmitNoCoupon" name="test_submit_returns_null_coupon_and_pending_status" time="0.651" /><testcase classname="tests.test_review_rewards_v10.TestApproveIssuesCoupon" name="test_approve_creates_single_coupon_and_links_it" time="0.444" /><testcase classname="tests.test_review_rewards_v10.TestApproveIssuesCoupon" name="test_one_star_review_still_gets_coupon" time="0.286" /><testcase classname="tests.test_review_rewards_v10.TestApproveIssuesCoupon" name="test_reapproving_does_not_issue_second_coupon" time="0.362" /><testcase classname="tests.test_review_rewards_v10.TestDecline" name="test_decline_deletes_review_no_coupon_and_locks_order" time="0.513" /><testcase classname="tests.test_review_rewards_v10.TestCouponSingleUse" name="test_validate_ok_then_rejects_after_redemption" time="0.783" /><testcase classname="tests.test_review_rewards_v10.TestCouponSingleUse" name="test_wrong_email_cannot_use_coupon" time="0.422" /><testcase classname="tests.test_review_rewards_v10.TestAdminDelete" name="test_delete_coupon_makes_status_unavailable" time="0.417" /><testcase classname="tests.test_review_rewards_v10.TestSweep" name="test_sweep_only_removes_redeemed_or_expired_older_than_30d" time="0.048" /></testsuite></testsuites>