<?xml version="1.0" encoding="utf-8"?><testsuites name="pytest tests"><testsuite name="pytest" errors="0" failures="0" skipped="0" tests="12" time="3.857" timestamp="2026-08-28T16:04:41.663874+00:00" hostname="agent-env-2b6473bc-e08a-49fb-9b37-8dd7d5df58e5"><testcase classname="tests.test_variants_v8" name="test_variants_seeded[851924]" time="0.221" /><testcase classname="tests.test_variants_v8" name="test_variants_seeded[851928]" time="0.000" /><testcase classname="tests.test_variants_v8" name="test_products_have_no_mongo_id" time="0.000" /><testcase classname="tests.test_variants_v8" name="test_invalid_variant_rejected" time="0.135" /><testcase classname="tests.test_variants_v8" name="test_missing_variant_falls_back_to_first" time="0.160" /><testcase classname="tests.test_variants_v8" name="test_coupon_excludes_event_pass_variant" time="0.165" /><testcase classname="tests.test_variants_v8" name="test_two_variants_of_same_product_are_separate_lines" time="0.182" /><testcase classname="tests.test_variants_v8" name="test_event_pass_alone_rejected" time="0.155" /><testcase classname="tests.test_variants_v8" name="test_two_event_passes_rejected" time="0.156" /><testcase classname="tests.test_variants_v8" name="test_checkout_persists_variant" time="0.815" /><testcase classname="tests.test_variants_v8" name="test_description_newlines_survive_save_and_update" time="0.977" /><testcase classname="tests.test_variants_v8" name="test_existing_product_descriptions_keep_newlines" time="0.001" /></testsuite></testsuites>