<?xml version="1.0" encoding="utf-8"?><testsuites name="pytest tests"><testsuite name="pytest" errors="0" failures="1" skipped="0" tests="17" time="2.609" timestamp="2026-09-07T01:09:43.719208+00:00" hostname="agent-env-2b6473bc-e08a-49fb-9b37-8dd7d5df58e5"><testcase classname="tests.test_vault_v25.TestVaultAuthGating" name="test_unlock_guest_401" time="0.320" /><testcase classname="tests.test_vault_v25.TestVaultAuthGating" name="test_code_map_guest_401" time="0.251" /><testcase classname="tests.test_vault_v25.TestVaultUnlock" name="test_unlock_admin_correct" time="0.685" /><testcase classname="tests.test_vault_v25.TestVaultAuthGating" name="test_export_guest_401" time="0.082" /><testcase classname="tests.test_vault_v25.TestVaultUnlock" name="test_unlock_response_does_not_leak_phrase" time="0.076" /><testcase classname="tests.test_vault_v25.TestCodeMap" name="test_code_map_content_and_headers" time="0.299" /><testcase classname="tests.test_vault_v25.TestVaultAuthGating" name="test_unlock_customer_403_even_with_correct_phrase" time="0.455" /><testcase classname="tests.test_vault_v25.TestCodeMap" name="test_code_map_file_count_reasonable" time="0.105" /><testcase classname="tests.test_vault_v25.TestVaultAuthGating" name="test_code_map_customer_forbidden" time="0.108" /><testcase classname="tests.test_vault_v25.TestExport" name="test_export_content_and_shape" time="0.127" /><testcase classname="tests.test_vault_v25.TestVaultAuthGating" name="test_export_customer_forbidden" time="0.066" /><testcase classname="tests.test_vault_v25.TestExport" name="test_export_counts_match_unlock" time="0.398" /><testcase classname="tests.test_vault_v25.TestVaultAuthGating" name="test_admin_wrong_phrase_403_generic_message" time="0.481" /><testcase classname="tests.test_vault_v25.TestVaultRateLimitZ" name="test_success_clears_prior_failures_then_lock_after_five" time="0.356"><failure message="AssertionError: attempt 3: 429&#10;assert 429 == 403&#10; +  where 429 = &lt;Response [429]&gt;.status_code">backend/tests/test_vault_v25.py:209: in test_success_clears_prior_failures_then_lock_after_five
    assert r.status_code == 403, f"attempt {i}: {r.status_code}"
E   AssertionError: attempt 3: 429
E   assert 429 == 403
E    +  where 429 = &lt;Response [429]&gt;.status_code</failure></testcase><testcase classname="tests.test_vault_v25.TestVaultAuthGating" name="test_admin_empty_phrase_rejected" time="0.066" /><testcase classname="tests.test_vault_v25.TestFrontendBundleNoPhrase" name="test_phrase_not_in_frontend_src" time="0.005" /><testcase classname="tests.test_vault_v25.TestVaultRateLimitZ" name="test_throttle_does_not_block_unrelated_endpoints" time="0.139" /></testsuite></testsuites>